[2022-12-21T21:06:49.922+0000] {manager.py:483} INFO - Processing files using up to 2 processes at a time 
[2022-12-21T21:06:49.925+0000] {manager.py:484} INFO - Process each file at most once every 30 seconds
[2022-12-21T21:06:49.926+0000] {manager.py:486} INFO - Checking for new files in /opt/airflow/dags every 300 seconds
[2022-12-21T21:06:49.927+0000] {manager.py:726} INFO - Searching for files in /opt/airflow/dags
[2022-12-21T21:06:49.934+0000] {manager.py:729} INFO - There are 1 files in /opt/airflow/dags
[2022-12-21T21:06:49.989+0000] {manager.py:851} INFO - 
================================================================================
DAG File Processing Stats

File Path                          PID  Runtime      # DAGs    # Errors  Last Runtime    Last Run
-------------------------------  -----  ---------  --------  ----------  --------------  ----------
/opt/airflow/dags/sample_dag.py    188  0.02s             0           0
================================================================================
[2022-12-21T21:07:20.114+0000] {manager.py:851} INFO - 
================================================================================
DAG File Processing Stats

File Path                        PID    Runtime      # DAGs    # Errors  Last Runtime    Last Run
-------------------------------  -----  ---------  --------  ----------  --------------  -------------------
/opt/airflow/dags/sample_dag.py                           1           0  0.31s           2022-12-21T21:06:50
================================================================================
[2022-12-21T21:07:50.627+0000] {manager.py:851} INFO - 
================================================================================
DAG File Processing Stats

File Path                        PID    Runtime      # DAGs    # Errors  Last Runtime    Last Run
-------------------------------  -----  ---------  --------  ----------  --------------  -------------------
/opt/airflow/dags/sample_dag.py                           1           0  0.29s           2022-12-21T21:07:20
================================================================================
[2022-12-21T21:08:21.007+0000] {manager.py:851} INFO - 
================================================================================
DAG File Processing Stats

File Path                        PID    Runtime      # DAGs    # Errors  Last Runtime    Last Run
-------------------------------  -----  ---------  --------  ----------  --------------  -------------------
/opt/airflow/dags/sample_dag.py                           1           0  0.36s           2022-12-21T21:07:51
================================================================================
[2022-12-21T21:08:51.514+0000] {manager.py:851} INFO - 
================================================================================
DAG File Processing Stats

File Path                        PID    Runtime      # DAGs    # Errors  Last Runtime    Last Run
-------------------------------  -----  ---------  --------  ----------  --------------  -------------------
/opt/airflow/dags/sample_dag.py                           1           0  0.32s           2022-12-21T21:08:21
================================================================================
[2022-12-21T21:09:22.095+0000] {manager.py:851} INFO - 
================================================================================
DAG File Processing Stats

File Path                        PID    Runtime      # DAGs    # Errors  Last Runtime    Last Run
-------------------------------  -----  ---------  --------  ----------  --------------  -------------------
/opt/airflow/dags/sample_dag.py                           1           0  0.16s           2022-12-21T21:08:52
================================================================================
[2022-12-21T21:09:52.414+0000] {manager.py:851} INFO - 
================================================================================
DAG File Processing Stats

File Path                          PID  Runtime      # DAGs    # Errors  Last Runtime    Last Run
-------------------------------  -----  ---------  --------  ----------  --------------  -------------------
/opt/airflow/dags/sample_dag.py    222  0.01s             1           0  0.13s           2022-12-21T21:09:22
================================================================================
[2022-12-21T21:10:22.706+0000] {manager.py:851} INFO - 
================================================================================
DAG File Processing Stats

File Path                          PID  Runtime      # DAGs    # Errors  Last Runtime    Last Run
-------------------------------  -----  ---------  --------  ----------  --------------  -------------------
/opt/airflow/dags/sample_dag.py    227  0.01s             1           0  0.14s           2022-12-21T21:09:52
================================================================================
[2022-12-21T21:10:52.929+0000] {manager.py:851} INFO - 
================================================================================
DAG File Processing Stats

File Path                          PID  Runtime      # DAGs    # Errors  Last Runtime    Last Run
-------------------------------  -----  ---------  --------  ----------  --------------  -------------------
/opt/airflow/dags/sample_dag.py    232  0.01s             1           0  0.13s           2022-12-21T21:10:22
================================================================================
[2022-12-21T21:11:23.177+0000] {manager.py:851} INFO - 
================================================================================
DAG File Processing Stats

File Path                          PID  Runtime      # DAGs    # Errors  Last Runtime    Last Run
-------------------------------  -----  ---------  --------  ----------  --------------  -------------------
/opt/airflow/dags/sample_dag.py    237  0.01s             1           0  0.13s           2022-12-21T21:10:53
================================================================================
[2022-12-21T21:11:50.339+0000] {manager.py:726} INFO - Searching for files in /opt/airflow/dags
[2022-12-21T21:11:50.346+0000] {manager.py:729} INFO - There are 1 files in /opt/airflow/dags
[2022-12-21T21:11:53.381+0000] {manager.py:851} INFO - 
================================================================================
DAG File Processing Stats

File Path                          PID  Runtime      # DAGs    # Errors  Last Runtime    Last Run
-------------------------------  -----  ---------  --------  ----------  --------------  -------------------
/opt/airflow/dags/sample_dag.py    242  0.01s             1           0  0.14s           2022-12-21T21:11:23
================================================================================
[2022-12-21T21:12:23.640+0000] {manager.py:851} INFO - 
================================================================================
DAG File Processing Stats

File Path                          PID  Runtime      # DAGs    # Errors  Last Runtime    Last Run
-------------------------------  -----  ---------  --------  ----------  --------------  -------------------
/opt/airflow/dags/sample_dag.py    247  0.01s             1           0  0.18s           2022-12-21T21:11:53
================================================================================
[2022-12-21T21:12:53.891+0000] {manager.py:851} INFO - 
================================================================================
DAG File Processing Stats

File Path                          PID  Runtime      # DAGs    # Errors  Last Runtime    Last Run
-------------------------------  -----  ---------  --------  ----------  --------------  -------------------
/opt/airflow/dags/sample_dag.py    252  0.01s             1           0  0.13s           2022-12-21T21:12:23
================================================================================
[2022-12-21T21:13:24.095+0000] {manager.py:851} INFO - 
================================================================================
DAG File Processing Stats

File Path                          PID  Runtime      # DAGs    # Errors  Last Runtime    Last Run
-------------------------------  -----  ---------  --------  ----------  --------------  -------------------
/opt/airflow/dags/sample_dag.py    257  0.01s             1           0  0.17s           2022-12-21T21:12:54
================================================================================
[2022-12-21T21:13:54.327+0000] {manager.py:851} INFO - 
================================================================================
DAG File Processing Stats

File Path                          PID  Runtime      # DAGs    # Errors  Last Runtime    Last Run
-------------------------------  -----  ---------  --------  ----------  --------------  -------------------
/opt/airflow/dags/sample_dag.py    262  0.01s             1           0  0.17s           2022-12-21T21:13:24
================================================================================
[2022-12-21T21:14:24.554+0000] {manager.py:851} INFO - 
================================================================================
DAG File Processing Stats

File Path                          PID  Runtime      # DAGs    # Errors  Last Runtime    Last Run
-------------------------------  -----  ---------  --------  ----------  --------------  -------------------
/opt/airflow/dags/sample_dag.py    267  0.00s             1           0  0.14s           2022-12-21T21:13:54
================================================================================
[2022-12-21T21:14:54.761+0000] {manager.py:851} INFO - 
================================================================================
DAG File Processing Stats

File Path                          PID  Runtime      # DAGs    # Errors  Last Runtime    Last Run
-------------------------------  -----  ---------  --------  ----------  --------------  -------------------
/opt/airflow/dags/sample_dag.py    272  0.01s             1           0  0.13s           2022-12-21T21:14:24
================================================================================
[2022-12-21T21:15:25.017+0000] {manager.py:851} INFO - 
================================================================================
DAG File Processing Stats

File Path                          PID  Runtime      # DAGs    # Errors  Last Runtime    Last Run
-------------------------------  -----  ---------  --------  ----------  --------------  -------------------
/opt/airflow/dags/sample_dag.py    277  0.01s             1           0  0.13s           2022-12-21T21:14:54
================================================================================
[2022-12-21T21:15:55.214+0000] {manager.py:851} INFO - 
================================================================================
DAG File Processing Stats

File Path                          PID  Runtime      # DAGs    # Errors  Last Runtime    Last Run
-------------------------------  -----  ---------  --------  ----------  --------------  -------------------
/opt/airflow/dags/sample_dag.py    282  0.01s             1           0  0.13s           2022-12-21T21:15:25
================================================================================
[2022-12-21T21:16:25.495+0000] {manager.py:851} INFO - 
================================================================================
DAG File Processing Stats

File Path                          PID  Runtime      # DAGs    # Errors  Last Runtime    Last Run
-------------------------------  -----  ---------  --------  ----------  --------------  -------------------
/opt/airflow/dags/sample_dag.py    287  0.01s             1           0  0.15s           2022-12-21T21:15:55
================================================================================
[2022-12-21T21:16:50.650+0000] {manager.py:726} INFO - Searching for files in /opt/airflow/dags
[2022-12-21T21:16:50.658+0000] {manager.py:729} INFO - There are 1 files in /opt/airflow/dags
[2022-12-21T21:16:55.704+0000] {manager.py:851} INFO - 
================================================================================
DAG File Processing Stats

File Path                          PID  Runtime      # DAGs    # Errors  Last Runtime    Last Run
-------------------------------  -----  ---------  --------  ----------  --------------  -------------------
/opt/airflow/dags/sample_dag.py    292  0.01s             1           0  0.14s           2022-12-21T21:16:25
================================================================================
[2022-12-21T21:17:25.987+0000] {manager.py:851} INFO - 
================================================================================
DAG File Processing Stats

File Path                          PID  Runtime      # DAGs    # Errors  Last Runtime    Last Run
-------------------------------  -----  ---------  --------  ----------  --------------  -------------------
/opt/airflow/dags/sample_dag.py    297  0.01s             1           0  0.13s           2022-12-21T21:16:55
================================================================================
[2022-12-21T21:17:56.213+0000] {manager.py:851} INFO - 
================================================================================
DAG File Processing Stats

File Path                          PID  Runtime      # DAGs    # Errors  Last Runtime    Last Run
-------------------------------  -----  ---------  --------  ----------  --------------  -------------------
/opt/airflow/dags/sample_dag.py    302  0.01s             1           0  0.13s           2022-12-21T21:17:26
================================================================================
[2022-12-21T21:18:26.480+0000] {manager.py:851} INFO - 
================================================================================
DAG File Processing Stats

File Path                          PID  Runtime      # DAGs    # Errors  Last Runtime    Last Run
-------------------------------  -----  ---------  --------  ----------  --------------  -------------------
/opt/airflow/dags/sample_dag.py    307  0.01s             1           0  0.13s           2022-12-21T21:17:56
================================================================================
[2022-12-21T21:18:56.700+0000] {manager.py:851} INFO - 
================================================================================
DAG File Processing Stats

File Path                          PID  Runtime      # DAGs    # Errors  Last Runtime    Last Run
-------------------------------  -----  ---------  --------  ----------  --------------  -------------------
/opt/airflow/dags/sample_dag.py    312  0.01s             1           0  0.13s           2022-12-21T21:18:26
================================================================================
[2022-12-21T21:19:26.932+0000] {manager.py:851} INFO - 
================================================================================
DAG File Processing Stats

File Path                          PID  Runtime      # DAGs    # Errors  Last Runtime    Last Run
-------------------------------  -----  ---------  --------  ----------  --------------  -------------------
/opt/airflow/dags/sample_dag.py    317  0.01s             1           0  0.13s           2022-12-21T21:18:56
================================================================================
[2022-12-21T21:19:57.171+0000] {manager.py:851} INFO - 
================================================================================
DAG File Processing Stats

File Path                          PID  Runtime      # DAGs    # Errors  Last Runtime    Last Run
-------------------------------  -----  ---------  --------  ----------  --------------  -------------------
/opt/airflow/dags/sample_dag.py    322  0.01s             1           0  0.12s           2022-12-21T21:19:27
================================================================================
[2022-12-21T21:20:27.390+0000] {manager.py:851} INFO - 
================================================================================
DAG File Processing Stats

File Path                          PID  Runtime      # DAGs    # Errors  Last Runtime    Last Run
-------------------------------  -----  ---------  --------  ----------  --------------  -------------------
/opt/airflow/dags/sample_dag.py    327  0.01s             1           0  0.13s           2022-12-21T21:19:57
================================================================================
[2022-12-21T21:20:57.631+0000] {manager.py:851} INFO - 
================================================================================
DAG File Processing Stats

File Path                          PID  Runtime      # DAGs    # Errors  Last Runtime    Last Run
-------------------------------  -----  ---------  --------  ----------  --------------  -------------------
/opt/airflow/dags/sample_dag.py    332  0.01s             1           0  0.12s           2022-12-21T21:20:27
================================================================================
[2022-12-21T21:21:27.824+0000] {manager.py:851} INFO - 
================================================================================
DAG File Processing Stats

File Path                          PID  Runtime      # DAGs    # Errors  Last Runtime    Last Run
-------------------------------  -----  ---------  --------  ----------  --------------  -------------------
/opt/airflow/dags/sample_dag.py    337  0.01s             1           0  0.14s           2022-12-21T21:20:57
================================================================================
[2022-12-21T21:21:51.037+0000] {manager.py:726} INFO - Searching for files in /opt/airflow/dags
[2022-12-21T21:21:51.045+0000] {manager.py:729} INFO - There are 1 files in /opt/airflow/dags
[2022-12-21T21:21:58.109+0000] {manager.py:851} INFO - 
================================================================================
DAG File Processing Stats

File Path                          PID  Runtime      # DAGs    # Errors  Last Runtime    Last Run
-------------------------------  -----  ---------  --------  ----------  --------------  -------------------
/opt/airflow/dags/sample_dag.py    342  0.01s             1           0  0.13s           2022-12-21T21:21:27
================================================================================
[2022-12-21T21:22:28.292+0000] {manager.py:851} INFO - 
================================================================================
DAG File Processing Stats

File Path                          PID  Runtime      # DAGs    # Errors  Last Runtime    Last Run
-------------------------------  -----  ---------  --------  ----------  --------------  -------------------
/opt/airflow/dags/sample_dag.py    347  0.01s             1           0  0.13s           2022-12-21T21:21:58
================================================================================
[2022-12-21T21:22:58.587+0000] {manager.py:851} INFO - 
================================================================================
DAG File Processing Stats

File Path                          PID  Runtime      # DAGs    # Errors  Last Runtime    Last Run
-------------------------------  -----  ---------  --------  ----------  --------------  -------------------
/opt/airflow/dags/sample_dag.py    352  0.01s             1           0  0.14s           2022-12-21T21:22:28
================================================================================
[2022-12-21T21:23:28.786+0000] {manager.py:851} INFO - 
================================================================================
DAG File Processing Stats

File Path                          PID  Runtime      # DAGs    # Errors  Last Runtime    Last Run
-------------------------------  -----  ---------  --------  ----------  --------------  -------------------
/opt/airflow/dags/sample_dag.py    357  0.01s             1           0  0.13s           2022-12-21T21:22:58
================================================================================
[2022-12-21T21:23:59.062+0000] {manager.py:851} INFO - 
================================================================================
DAG File Processing Stats

File Path                          PID  Runtime      # DAGs    # Errors  Last Runtime    Last Run
-------------------------------  -----  ---------  --------  ----------  --------------  -------------------
/opt/airflow/dags/sample_dag.py    362  0.01s             1           0  0.14s           2022-12-21T21:23:28
================================================================================
[2022-12-21T21:24:29.262+0000] {manager.py:851} INFO - 
================================================================================
DAG File Processing Stats

File Path                          PID  Runtime      # DAGs    # Errors  Last Runtime    Last Run
-------------------------------  -----  ---------  --------  ----------  --------------  -------------------
/opt/airflow/dags/sample_dag.py    367  0.01s             1           0  0.13s           2022-12-21T21:23:59
================================================================================
[2022-12-21T21:24:59.561+0000] {manager.py:851} INFO - 
================================================================================
DAG File Processing Stats

File Path                          PID  Runtime      # DAGs    # Errors  Last Runtime    Last Run
-------------------------------  -----  ---------  --------  ----------  --------------  -------------------
/opt/airflow/dags/sample_dag.py    372  0.01s             1           0  0.13s           2022-12-21T21:24:29
================================================================================
[2022-12-21T21:25:29.744+0000] {manager.py:851} INFO - 
================================================================================
DAG File Processing Stats

File Path                          PID  Runtime      # DAGs    # Errors  Last Runtime    Last Run
-------------------------------  -----  ---------  --------  ----------  --------------  -------------------
/opt/airflow/dags/sample_dag.py    377  0.01s             1           0  0.13s           2022-12-21T21:24:59
================================================================================
[2022-12-21T21:26:00.056+0000] {manager.py:851} INFO - 
================================================================================
DAG File Processing Stats

File Path                          PID  Runtime      # DAGs    # Errors  Last Runtime    Last Run
-------------------------------  -----  ---------  --------  ----------  --------------  -------------------
/opt/airflow/dags/sample_dag.py    382  0.01s             1           0  0.15s           2022-12-21T21:25:29
================================================================================
[2022-12-21T21:26:30.259+0000] {manager.py:851} INFO - 
================================================================================
DAG File Processing Stats

File Path                          PID  Runtime      # DAGs    # Errors  Last Runtime    Last Run
-------------------------------  -----  ---------  --------  ----------  --------------  -------------------
/opt/airflow/dags/sample_dag.py    387  0.01s             1           0  0.12s           2022-12-21T21:26:00
================================================================================
[2022-12-21T21:26:51.492+0000] {manager.py:726} INFO - Searching for files in /opt/airflow/dags
[2022-12-21T21:26:51.501+0000] {manager.py:729} INFO - There are 1 files in /opt/airflow/dags
[2022-12-21T21:27:00.593+0000] {manager.py:851} INFO - 
================================================================================
DAG File Processing Stats

File Path                          PID  Runtime      # DAGs    # Errors  Last Runtime    Last Run
-------------------------------  -----  ---------  --------  ----------  --------------  -------------------
/opt/airflow/dags/sample_dag.py    392  0.01s             1           0  0.13s           2022-12-21T21:26:30
================================================================================
[2022-12-21T21:27:30.791+0000] {manager.py:851} INFO - 
================================================================================
DAG File Processing Stats

File Path                          PID  Runtime      # DAGs    # Errors  Last Runtime    Last Run
-------------------------------  -----  ---------  --------  ----------  --------------  -------------------
/opt/airflow/dags/sample_dag.py    397  0.01s             1           0  0.13s           2022-12-21T21:27:00
================================================================================
[2022-12-21T21:28:01.099+0000] {manager.py:851} INFO - 
================================================================================
DAG File Processing Stats

File Path                          PID  Runtime      # DAGs    # Errors  Last Runtime    Last Run
-------------------------------  -----  ---------  --------  ----------  --------------  -------------------
/opt/airflow/dags/sample_dag.py    402  0.01s             1           0  0.14s           2022-12-21T21:27:30
================================================================================
[2022-12-21T21:28:31.327+0000] {manager.py:851} INFO - 
================================================================================
DAG File Processing Stats

File Path                          PID  Runtime      # DAGs    # Errors  Last Runtime    Last Run
-------------------------------  -----  ---------  --------  ----------  --------------  -------------------
/opt/airflow/dags/sample_dag.py    407  0.01s             1           0  0.12s           2022-12-21T21:28:01
================================================================================
[2022-12-21T21:29:01.555+0000] {manager.py:851} INFO - 
================================================================================
DAG File Processing Stats

File Path                          PID  Runtime      # DAGs    # Errors  Last Runtime    Last Run
-------------------------------  -----  ---------  --------  ----------  --------------  -------------------
/opt/airflow/dags/sample_dag.py    412  0.01s             1           0  0.18s           2022-12-21T21:28:31
================================================================================
[2022-12-21T21:29:31.867+0000] {manager.py:851} INFO - 
================================================================================
DAG File Processing Stats

File Path                          PID  Runtime      # DAGs    # Errors  Last Runtime    Last Run
-------------------------------  -----  ---------  --------  ----------  --------------  -------------------
/opt/airflow/dags/sample_dag.py    417  0.01s             1           0  0.13s           2022-12-21T21:29:01
================================================================================
[2022-12-21T21:30:02.077+0000] {manager.py:851} INFO - 
================================================================================
DAG File Processing Stats

File Path                          PID  Runtime      # DAGs    # Errors  Last Runtime    Last Run
-------------------------------  -----  ---------  --------  ----------  --------------  -------------------
/opt/airflow/dags/sample_dag.py    422  0.01s             1           0  0.12s           2022-12-21T21:29:31
================================================================================
[2022-12-21T21:30:32.224+0000] {manager.py:851} INFO - 
================================================================================
DAG File Processing Stats

File Path                          PID  Runtime      # DAGs    # Errors  Last Runtime    Last Run
-------------------------------  -----  ---------  --------  ----------  --------------  -------------------
/opt/airflow/dags/sample_dag.py    427  0.00s             1           0  0.11s           2022-12-21T21:30:02
================================================================================
[2022-12-21T21:31:02.510+0000] {manager.py:851} INFO - 
================================================================================
DAG File Processing Stats

File Path                          PID  Runtime      # DAGs    # Errors  Last Runtime    Last Run
-------------------------------  -----  ---------  --------  ----------  --------------  -------------------
/opt/airflow/dags/sample_dag.py    432  0.01s             1           0  0.13s           2022-12-21T21:30:32
================================================================================
[2022-12-21T21:31:32.707+0000] {manager.py:851} INFO - 
================================================================================
DAG File Processing Stats

File Path                          PID  Runtime      # DAGs    # Errors  Last Runtime    Last Run
-------------------------------  -----  ---------  --------  ----------  --------------  -------------------
/opt/airflow/dags/sample_dag.py    437  0.01s             1           0  0.15s           2022-12-21T21:31:02
================================================================================
[2022-12-21T21:31:51.850+0000] {manager.py:726} INFO - Searching for files in /opt/airflow/dags
[2022-12-21T21:31:51.858+0000] {manager.py:729} INFO - There are 1 files in /opt/airflow/dags
[2022-12-21T21:32:02.930+0000] {manager.py:851} INFO - 
================================================================================
DAG File Processing Stats

File Path                          PID  Runtime      # DAGs    # Errors  Last Runtime    Last Run
-------------------------------  -----  ---------  --------  ----------  --------------  -------------------
/opt/airflow/dags/sample_dag.py    442  0.01s             1           0  0.13s           2022-12-21T21:31:32
================================================================================
[2022-12-21T21:32:33.200+0000] {manager.py:851} INFO - 
================================================================================
DAG File Processing Stats

File Path                          PID  Runtime      # DAGs    # Errors  Last Runtime    Last Run
-------------------------------  -----  ---------  --------  ----------  --------------  -------------------
/opt/airflow/dags/sample_dag.py    447  0.01s             1           0  0.14s           2022-12-21T21:32:03
================================================================================
[2022-12-21T21:33:03.445+0000] {manager.py:851} INFO - 
================================================================================
DAG File Processing Stats

File Path                          PID  Runtime      # DAGs    # Errors  Last Runtime    Last Run
-------------------------------  -----  ---------  --------  ----------  --------------  -------------------
/opt/airflow/dags/sample_dag.py    452  0.01s             1           0  0.12s           2022-12-21T21:32:33
================================================================================
[2022-12-21T21:33:33.691+0000] {manager.py:851} INFO - 
================================================================================
DAG File Processing Stats

File Path                          PID  Runtime      # DAGs    # Errors  Last Runtime    Last Run
-------------------------------  -----  ---------  --------  ----------  --------------  -------------------
/opt/airflow/dags/sample_dag.py    457  0.01s             1           0  0.13s           2022-12-21T21:33:03
================================================================================
[2022-12-21T21:34:03.921+0000] {manager.py:851} INFO - 
================================================================================
DAG File Processing Stats

File Path                          PID  Runtime      # DAGs    # Errors  Last Runtime    Last Run
-------------------------------  -----  ---------  --------  ----------  --------------  -------------------
/opt/airflow/dags/sample_dag.py    462  0.01s             1           0  0.13s           2022-12-21T21:33:33
================================================================================
[2022-12-21T21:34:34.193+0000] {manager.py:851} INFO - 
================================================================================
DAG File Processing Stats

File Path                          PID  Runtime      # DAGs    # Errors  Last Runtime    Last Run
-------------------------------  -----  ---------  --------  ----------  --------------  -------------------
/opt/airflow/dags/sample_dag.py    467  0.01s             1           0  0.13s           2022-12-21T21:34:04
================================================================================
[2022-12-21T21:35:04.425+0000] {manager.py:851} INFO - 
================================================================================
DAG File Processing Stats

File Path                          PID  Runtime      # DAGs    # Errors  Last Runtime    Last Run
-------------------------------  -----  ---------  --------  ----------  --------------  -------------------
/opt/airflow/dags/sample_dag.py    472  0.01s             1           0  0.13s           2022-12-21T21:34:34
================================================================================
[2022-12-21T21:35:34.727+0000] {manager.py:851} INFO - 
================================================================================
DAG File Processing Stats

File Path                          PID  Runtime      # DAGs    # Errors  Last Runtime    Last Run
-------------------------------  -----  ---------  --------  ----------  --------------  -------------------
/opt/airflow/dags/sample_dag.py    477  0.01s             1           0  0.13s           2022-12-21T21:35:04
================================================================================
[2022-12-21T21:36:04.927+0000] {manager.py:851} INFO - 
================================================================================
DAG File Processing Stats

File Path                          PID  Runtime      # DAGs    # Errors  Last Runtime    Last Run
-------------------------------  -----  ---------  --------  ----------  --------------  -------------------
/opt/airflow/dags/sample_dag.py    482  0.01s             1           0  0.13s           2022-12-21T21:35:34
================================================================================
[2022-12-21T21:36:35.146+0000] {manager.py:851} INFO - 
================================================================================
DAG File Processing Stats

File Path                          PID  Runtime      # DAGs    # Errors  Last Runtime    Last Run
-------------------------------  -----  ---------  --------  ----------  --------------  -------------------
/opt/airflow/dags/sample_dag.py    487  0.01s             1           0  0.14s           2022-12-21T21:36:05
================================================================================
[2022-12-21T21:36:52.359+0000] {manager.py:726} INFO - Searching for files in /opt/airflow/dags
[2022-12-21T21:36:52.365+0000] {manager.py:729} INFO - There are 1 files in /opt/airflow/dags
[2022-12-21T21:37:05.453+0000] {manager.py:851} INFO - 
================================================================================
DAG File Processing Stats

File Path                          PID  Runtime      # DAGs    # Errors  Last Runtime    Last Run
-------------------------------  -----  ---------  --------  ----------  --------------  -------------------
/opt/airflow/dags/sample_dag.py    492  0.01s             1           0  0.13s           2022-12-21T21:36:35
================================================================================
[2022-12-21T21:37:35.682+0000] {manager.py:851} INFO - 
================================================================================
DAG File Processing Stats

File Path                          PID  Runtime      # DAGs    # Errors  Last Runtime    Last Run
-------------------------------  -----  ---------  --------  ----------  --------------  -------------------
/opt/airflow/dags/sample_dag.py    497  0.01s             1           0  0.14s           2022-12-21T21:37:05
================================================================================
[2022-12-21T21:38:05.972+0000] {manager.py:851} INFO - 
================================================================================
DAG File Processing Stats

File Path                          PID  Runtime      # DAGs    # Errors  Last Runtime    Last Run
-------------------------------  -----  ---------  --------  ----------  --------------  -------------------
/opt/airflow/dags/sample_dag.py    502  0.01s             1           0  0.13s           2022-12-21T21:37:35
================================================================================
[2022-12-21T21:38:36.236+0000] {manager.py:851} INFO - 
================================================================================
DAG File Processing Stats

File Path                          PID  Runtime      # DAGs    # Errors  Last Runtime    Last Run
-------------------------------  -----  ---------  --------  ----------  --------------  -------------------
/opt/airflow/dags/sample_dag.py    507  0.01s             1           0  0.13s           2022-12-21T21:38:06
================================================================================
[2022-12-21T21:39:06.507+0000] {manager.py:851} INFO - 
================================================================================
DAG File Processing Stats

File Path                          PID  Runtime      # DAGs    # Errors  Last Runtime    Last Run
-------------------------------  -----  ---------  --------  ----------  --------------  -------------------
/opt/airflow/dags/sample_dag.py    512  0.01s             1           0  0.13s           2022-12-21T21:38:36
================================================================================
[2022-12-21T21:39:36.756+0000] {manager.py:851} INFO - 
================================================================================
DAG File Processing Stats

File Path                          PID  Runtime      # DAGs    # Errors  Last Runtime    Last Run
-------------------------------  -----  ---------  --------  ----------  --------------  -------------------
/opt/airflow/dags/sample_dag.py    517  0.01s             1           0  0.13s           2022-12-21T21:39:06
================================================================================
[2022-12-21T21:40:07.000+0000] {manager.py:851} INFO - 
================================================================================
DAG File Processing Stats

File Path                          PID  Runtime      # DAGs    # Errors  Last Runtime    Last Run
-------------------------------  -----  ---------  --------  ----------  --------------  -------------------
/opt/airflow/dags/sample_dag.py    522  0.01s             1           0  0.13s           2022-12-21T21:39:36
================================================================================
[2022-12-21T21:40:37.243+0000] {manager.py:851} INFO - 
================================================================================
DAG File Processing Stats

File Path                          PID  Runtime      # DAGs    # Errors  Last Runtime    Last Run
-------------------------------  -----  ---------  --------  ----------  --------------  -------------------
/opt/airflow/dags/sample_dag.py    527  0.01s             1           0  0.13s           2022-12-21T21:40:07
================================================================================
[2022-12-21T21:41:07.418+0000] {manager.py:851} INFO - 
================================================================================
DAG File Processing Stats

File Path                          PID  Runtime      # DAGs    # Errors  Last Runtime    Last Run
-------------------------------  -----  ---------  --------  ----------  --------------  -------------------
/opt/airflow/dags/sample_dag.py    532  0.01s             1           0  0.12s           2022-12-21T21:40:37
================================================================================
[2022-12-21T21:41:37.703+0000] {manager.py:851} INFO - 
================================================================================
DAG File Processing Stats

File Path                          PID  Runtime      # DAGs    # Errors  Last Runtime    Last Run
-------------------------------  -----  ---------  --------  ----------  --------------  -------------------
/opt/airflow/dags/sample_dag.py    537  0.01s             1           0  0.13s           2022-12-21T21:41:07
================================================================================
[2022-12-21T21:41:52.811+0000] {manager.py:726} INFO - Searching for files in /opt/airflow/dags
[2022-12-21T21:41:52.821+0000] {manager.py:729} INFO - There are 1 files in /opt/airflow/dags
[2022-12-21T21:42:07.907+0000] {manager.py:851} INFO - 
================================================================================
DAG File Processing Stats

File Path                          PID  Runtime      # DAGs    # Errors  Last Runtime    Last Run
-------------------------------  -----  ---------  --------  ----------  --------------  -------------------
/opt/airflow/dags/sample_dag.py    542  0.01s             1           0  0.17s           2022-12-21T21:41:37
================================================================================
[2022-12-21T21:42:38.194+0000] {manager.py:851} INFO - 
================================================================================
DAG File Processing Stats

File Path                          PID  Runtime      # DAGs    # Errors  Last Runtime    Last Run
-------------------------------  -----  ---------  --------  ----------  --------------  -------------------
/opt/airflow/dags/sample_dag.py    547  0.01s             1           0  0.13s           2022-12-21T21:42:08
================================================================================
[2022-12-21T21:43:08.384+0000] {manager.py:851} INFO - 
================================================================================
DAG File Processing Stats

File Path                          PID  Runtime      # DAGs    # Errors  Last Runtime    Last Run
-------------------------------  -----  ---------  --------  ----------  --------------  -------------------
/opt/airflow/dags/sample_dag.py    552  0.01s             1           0  0.13s           2022-12-21T21:42:38
================================================================================
[2022-12-21T21:43:38.665+0000] {manager.py:851} INFO - 
================================================================================
DAG File Processing Stats

File Path                          PID  Runtime      # DAGs    # Errors  Last Runtime    Last Run
-------------------------------  -----  ---------  --------  ----------  --------------  -------------------
/opt/airflow/dags/sample_dag.py    557  0.01s             1           0  0.15s           2022-12-21T21:43:08
================================================================================
[2022-12-21T21:44:08.860+0000] {manager.py:851} INFO - 
================================================================================
DAG File Processing Stats

File Path                          PID  Runtime      # DAGs    # Errors  Last Runtime    Last Run
-------------------------------  -----  ---------  --------  ----------  --------------  -------------------
/opt/airflow/dags/sample_dag.py    562  0.01s             1           0  0.13s           2022-12-21T21:43:38
================================================================================
[2022-12-21T21:44:39.103+0000] {manager.py:851} INFO - 
================================================================================
DAG File Processing Stats

File Path                          PID  Runtime      # DAGs    # Errors  Last Runtime    Last Run
-------------------------------  -----  ---------  --------  ----------  --------------  -------------------
/opt/airflow/dags/sample_dag.py    567  0.01s             1           0  0.13s           2022-12-21T21:44:08
================================================================================
[2022-12-21T21:45:09.394+0000] {manager.py:851} INFO - 
================================================================================
DAG File Processing Stats

File Path                        PID    Runtime      # DAGs    # Errors  Last Runtime    Last Run
-------------------------------  -----  ---------  --------  ----------  --------------  -------------------
/opt/airflow/dags/sample_dag.py                           1           0  0.33s           2022-12-21T21:45:01
================================================================================
[2022-12-21T21:45:39.880+0000] {manager.py:851} INFO - 
================================================================================
DAG File Processing Stats

File Path                        PID    Runtime      # DAGs    # Errors  Last Runtime    Last Run
-------------------------------  -----  ---------  --------  ----------  --------------  -------------------
/opt/airflow/dags/sample_dag.py                           1           0  0.16s           2022-12-21T21:45:31
================================================================================
[2022-12-21T21:46:09.184+0000] {manager.py:520} INFO - DAG first_sample_dag is missing and will be deactivated.
[2022-12-21T21:46:09.191+0000] {manager.py:530} INFO - Deactivated 1 DAGs which are no longer present in file.
[2022-12-21T21:46:09.194+0000] {manager.py:534} INFO - Deleted DAG first_sample_dag in serialized_dag table
[2022-12-21T21:46:10.207+0000] {manager.py:851} INFO - 
================================================================================
DAG File Processing Stats

File Path                        PID    Runtime      # DAGs    # Errors  Last Runtime    Last Run
-------------------------------  -----  ---------  --------  ----------  --------------  -------------------
/opt/airflow/dags/sample_dag.py                           1           0  0.15s           2022-12-21T21:46:02
================================================================================
[2022-12-21T21:46:40.398+0000] {manager.py:851} INFO - 
================================================================================
DAG File Processing Stats

File Path                        PID    Runtime      # DAGs    # Errors  Last Runtime    Last Run
-------------------------------  -----  ---------  --------  ----------  --------------  -------------------
/opt/airflow/dags/sample_dag.py                           1           0  0.13s           2022-12-21T21:46:32
================================================================================
[2022-12-21T21:46:53.484+0000] {manager.py:726} INFO - Searching for files in /opt/airflow/dags
[2022-12-21T21:46:53.504+0000] {manager.py:729} INFO - There are 1 files in /opt/airflow/dags
[2022-12-21T21:47:10.671+0000] {manager.py:851} INFO - 
================================================================================
DAG File Processing Stats

File Path                        PID    Runtime      # DAGs    # Errors  Last Runtime    Last Run
-------------------------------  -----  ---------  --------  ----------  --------------  -------------------
/opt/airflow/dags/sample_dag.py                           1           0  0.16s           2022-12-21T21:47:02
================================================================================
[2022-12-21T21:47:40.916+0000] {manager.py:851} INFO - 
================================================================================
DAG File Processing Stats

File Path                        PID    Runtime      # DAGs    # Errors  Last Runtime    Last Run
-------------------------------  -----  ---------  --------  ----------  --------------  -------------------
/opt/airflow/dags/sample_dag.py                           1           0  0.16s           2022-12-21T21:47:32
================================================================================
[2022-12-21T21:48:11.145+0000] {manager.py:851} INFO - 
================================================================================
DAG File Processing Stats

File Path                        PID    Runtime      # DAGs    # Errors  Last Runtime    Last Run
-------------------------------  -----  ---------  --------  ----------  --------------  -------------------
/opt/airflow/dags/sample_dag.py                           1           0  0.17s           2022-12-21T21:48:03
================================================================================
[2022-12-21T21:48:41.512+0000] {manager.py:851} INFO - 
================================================================================
DAG File Processing Stats

File Path                        PID    Runtime      # DAGs    # Errors  Last Runtime    Last Run
-------------------------------  -----  ---------  --------  ----------  --------------  -------------------
/opt/airflow/dags/sample_dag.py                           1           0  0.23s           2022-12-21T21:48:35
================================================================================
[2022-12-21T21:49:11.789+0000] {manager.py:851} INFO - 
================================================================================
DAG File Processing Stats

File Path                        PID    Runtime      # DAGs    # Errors  Last Runtime    Last Run
-------------------------------  -----  ---------  --------  ----------  --------------  -------------------
/opt/airflow/dags/sample_dag.py                           1           0  0.15s           2022-12-21T21:49:05
================================================================================
[2022-12-21T21:49:41.966+0000] {manager.py:851} INFO - 
================================================================================
DAG File Processing Stats

File Path                        PID    Runtime      # DAGs    # Errors  Last Runtime    Last Run
-------------------------------  -----  ---------  --------  ----------  --------------  -------------------
/opt/airflow/dags/sample_dag.py                           1           0  0.14s           2022-12-21T21:49:36
================================================================================
[2022-12-21T21:50:12.235+0000] {manager.py:851} INFO - 
================================================================================
DAG File Processing Stats

File Path                        PID    Runtime      # DAGs    # Errors  Last Runtime    Last Run
-------------------------------  -----  ---------  --------  ----------  --------------  -------------------
/opt/airflow/dags/sample_dag.py                           1           0  0.14s           2022-12-21T21:50:06
================================================================================
[2022-12-21T21:50:42.454+0000] {manager.py:851} INFO - 
================================================================================
DAG File Processing Stats

File Path                        PID    Runtime      # DAGs    # Errors  Last Runtime    Last Run
-------------------------------  -----  ---------  --------  ----------  --------------  -------------------
/opt/airflow/dags/sample_dag.py                           1           0  0.13s           2022-12-21T21:50:36
================================================================================
[2022-12-21T21:51:12.720+0000] {manager.py:851} INFO - 
================================================================================
DAG File Processing Stats

File Path                        PID    Runtime      # DAGs    # Errors  Last Runtime    Last Run
-------------------------------  -----  ---------  --------  ----------  --------------  -------------------
/opt/airflow/dags/sample_dag.py                           1           0  0.13s           2022-12-21T21:51:06
================================================================================
[2022-12-21T21:51:42.925+0000] {manager.py:851} INFO - 
================================================================================
DAG File Processing Stats

File Path                        PID    Runtime      # DAGs    # Errors  Last Runtime    Last Run
-------------------------------  -----  ---------  --------  ----------  --------------  -------------------
/opt/airflow/dags/sample_dag.py                           1           0  0.24s           2022-12-21T21:51:23
================================================================================
[2022-12-21T21:51:54.187+0000] {manager.py:726} INFO - Searching for files in /opt/airflow/dags
[2022-12-21T21:51:54.200+0000] {manager.py:729} INFO - There are 1 files in /opt/airflow/dags
[2022-12-21T21:52:13.299+0000] {manager.py:851} INFO - 
================================================================================
DAG File Processing Stats

File Path                        PID    Runtime      # DAGs    # Errors  Last Runtime    Last Run
-------------------------------  -----  ---------  --------  ----------  --------------  -------------------
/opt/airflow/dags/sample_dag.py                           1           0  0.16s           2022-12-21T21:51:53
================================================================================
[2022-12-21T21:52:43.658+0000] {manager.py:851} INFO - 
================================================================================
DAG File Processing Stats

File Path                        PID    Runtime      # DAGs    # Errors  Last Runtime    Last Run
-------------------------------  -----  ---------  --------  ----------  --------------  -------------------
/opt/airflow/dags/sample_dag.py                           1           0  0.26s           2022-12-21T21:52:30
================================================================================
[2022-12-21T21:53:14.059+0000] {manager.py:851} INFO - 
================================================================================
DAG File Processing Stats

File Path                        PID    Runtime      # DAGs    # Errors  Last Runtime    Last Run
-------------------------------  -----  ---------  --------  ----------  --------------  -------------------
/opt/airflow/dags/sample_dag.py                           1           0  0.24s           2022-12-21T21:53:01
================================================================================
[2022-12-21T21:53:23.806+0000] {manager.py:465} INFO - Exiting gracefully upon receiving signal 15
