[2022-12-21T21:09:40.999+0000] {taskinstance.py:1087} INFO - Dependencies all met for <TaskInstance: first_sample_dag.print_hello_world manual__2022-12-21T21:09:39.674777+00:00 [queued]>
[2022-12-21T21:09:41.013+0000] {taskinstance.py:1087} INFO - Dependencies all met for <TaskInstance: first_sample_dag.print_hello_world manual__2022-12-21T21:09:39.674777+00:00 [queued]>
[2022-12-21T21:09:41.014+0000] {taskinstance.py:1283} INFO - 
--------------------------------------------------------------------------------
[2022-12-21T21:09:41.015+0000] {taskinstance.py:1284} INFO - Starting attempt 1 of 1
[2022-12-21T21:09:41.016+0000] {taskinstance.py:1285} INFO - 
--------------------------------------------------------------------------------
[2022-12-21T21:09:41.033+0000] {taskinstance.py:1304} INFO - Executing <Task(BashOperator): print_hello_world> on 2022-12-21 21:09:39.674777+00:00
[2022-12-21T21:09:41.039+0000] {standard_task_runner.py:55} INFO - Started process 220 to run task
[2022-12-21T21:09:41.043+0000] {standard_task_runner.py:82} INFO - Running: ['***', 'tasks', 'run', 'first_sample_dag', 'print_hello_world', 'manual__2022-12-21T21:09:39.674777+00:00', '--job-id', '2', '--raw', '--subdir', 'DAGS_FOLDER/sample_dag.py', '--cfg-path', '/tmp/tmpd2vqo3o0']
[2022-12-21T21:09:41.046+0000] {standard_task_runner.py:83} INFO - Job 2: Subtask print_hello_world
[2022-12-21T21:09:41.127+0000] {task_command.py:389} INFO - Running <TaskInstance: first_sample_dag.print_hello_world manual__2022-12-21T21:09:39.674777+00:00 [running]> on host 6b1327d92b7c
[2022-12-21T21:09:41.206+0000] {taskinstance.py:1513} INFO - Exporting the following env vars:
AIRFLOW_CTX_DAG_OWNER=***
AIRFLOW_CTX_DAG_ID=first_sample_dag
AIRFLOW_CTX_TASK_ID=print_hello_world
AIRFLOW_CTX_EXECUTION_DATE=2022-12-21T21:09:39.674777+00:00
AIRFLOW_CTX_TRY_NUMBER=1
AIRFLOW_CTX_DAG_RUN_ID=manual__2022-12-21T21:09:39.674777+00:00
[2022-12-21T21:09:41.207+0000] {subprocess.py:63} INFO - Tmp dir root location: 
 /tmp
[2022-12-21T21:09:41.208+0000] {subprocess.py:75} INFO - Running command: ['/bin/bash', '-c', 'echo "HelloWorld!"']
[2022-12-21T21:09:41.218+0000] {subprocess.py:86} INFO - Output:
[2022-12-21T21:09:41.220+0000] {subprocess.py:93} INFO - HelloWorld!
[2022-12-21T21:09:41.221+0000] {subprocess.py:97} INFO - Command exited with return code 0
[2022-12-21T21:09:41.243+0000] {taskinstance.py:1327} INFO - Marking task as SUCCESS. dag_id=first_sample_dag, task_id=print_hello_world, execution_date=20221221T210939, start_date=20221221T210941, end_date=20221221T210941
[2022-12-21T21:09:41.298+0000] {local_task_job.py:159} INFO - Task exited with return code 0
[2022-12-21T21:09:41.325+0000] {taskinstance.py:2582} INFO - 1 downstream tasks scheduled from follow-on schedule check
