[2022-12-21T21:06:49.987+0000] {processor.py:153} INFO - Started process (PID=188) to work on /opt/airflow/dags/sample_dag.py
[2022-12-21T21:06:49.988+0000] {processor.py:743} INFO - Processing file /opt/airflow/dags/sample_dag.py for tasks to queue
[2022-12-21T21:06:49.990+0000] {logging_mixin.py:137} INFO - [2022-12-21T21:06:49.990+0000] {dagbag.py:538} INFO - Filling up the DagBag from /opt/airflow/dags/sample_dag.py
[2022-12-21T21:06:50.012+0000] {processor.py:753} INFO - DAG(s) dict_keys(['first_sample_dag']) retrieved from /opt/airflow/dags/sample_dag.py
[2022-12-21T21:06:50.050+0000] {logging_mixin.py:137} INFO - [2022-12-21T21:06:50.050+0000] {dag.py:2676} INFO - Sync 1 DAGs
[2022-12-21T21:06:50.225+0000] {logging_mixin.py:137} INFO - [2022-12-21T21:06:50.224+0000] {dag.py:3427} INFO - Setting next_dagrun for first_sample_dag to None, run_after=None
[2022-12-21T21:06:50.254+0000] {processor.py:175} INFO - Processing /opt/airflow/dags/sample_dag.py took 0.272 seconds
[2022-12-21T21:07:20.437+0000] {processor.py:153} INFO - Started process (PID=194) to work on /opt/airflow/dags/sample_dag.py
[2022-12-21T21:07:20.439+0000] {processor.py:743} INFO - Processing file /opt/airflow/dags/sample_dag.py for tasks to queue
[2022-12-21T21:07:20.440+0000] {logging_mixin.py:137} INFO - [2022-12-21T21:07:20.440+0000] {dagbag.py:538} INFO - Filling up the DagBag from /opt/airflow/dags/sample_dag.py
[2022-12-21T21:07:20.464+0000] {processor.py:753} INFO - DAG(s) dict_keys(['first_sample_dag']) retrieved from /opt/airflow/dags/sample_dag.py
[2022-12-21T21:07:20.641+0000] {logging_mixin.py:137} INFO - [2022-12-21T21:07:20.641+0000] {dag.py:2676} INFO - Sync 1 DAGs
[2022-12-21T21:07:20.668+0000] {logging_mixin.py:137} INFO - [2022-12-21T21:07:20.668+0000] {dag.py:3427} INFO - Setting next_dagrun for first_sample_dag to None, run_after=None
[2022-12-21T21:07:20.686+0000] {processor.py:175} INFO - Processing /opt/airflow/dags/sample_dag.py took 0.254 seconds
[2022-12-21T21:07:50.871+0000] {processor.py:153} INFO - Started process (PID=199) to work on /opt/airflow/dags/sample_dag.py
[2022-12-21T21:07:50.874+0000] {processor.py:743} INFO - Processing file /opt/airflow/dags/sample_dag.py for tasks to queue
[2022-12-21T21:07:50.876+0000] {logging_mixin.py:137} INFO - [2022-12-21T21:07:50.876+0000] {dagbag.py:538} INFO - Filling up the DagBag from /opt/airflow/dags/sample_dag.py
[2022-12-21T21:07:51.088+0000] {processor.py:753} INFO - DAG(s) dict_keys(['first_sample_dag']) retrieved from /opt/airflow/dags/sample_dag.py
[2022-12-21T21:07:51.133+0000] {logging_mixin.py:137} INFO - [2022-12-21T21:07:51.133+0000] {dag.py:2676} INFO - Sync 1 DAGs
[2022-12-21T21:07:51.167+0000] {logging_mixin.py:137} INFO - [2022-12-21T21:07:51.167+0000] {dag.py:3427} INFO - Setting next_dagrun for first_sample_dag to None, run_after=None
[2022-12-21T21:07:51.191+0000] {processor.py:175} INFO - Processing /opt/airflow/dags/sample_dag.py took 0.324 seconds
[2022-12-21T21:08:21.375+0000] {processor.py:153} INFO - Started process (PID=204) to work on /opt/airflow/dags/sample_dag.py
[2022-12-21T21:08:21.378+0000] {processor.py:743} INFO - Processing file /opt/airflow/dags/sample_dag.py for tasks to queue
[2022-12-21T21:08:21.380+0000] {logging_mixin.py:137} INFO - [2022-12-21T21:08:21.380+0000] {dagbag.py:538} INFO - Filling up the DagBag from /opt/airflow/dags/sample_dag.py
[2022-12-21T21:08:21.548+0000] {processor.py:753} INFO - DAG(s) dict_keys(['first_sample_dag']) retrieved from /opt/airflow/dags/sample_dag.py
[2022-12-21T21:08:21.595+0000] {logging_mixin.py:137} INFO - [2022-12-21T21:08:21.595+0000] {dag.py:2676} INFO - Sync 1 DAGs
[2022-12-21T21:08:21.629+0000] {logging_mixin.py:137} INFO - [2022-12-21T21:08:21.629+0000] {dag.py:3427} INFO - Setting next_dagrun for first_sample_dag to None, run_after=None
[2022-12-21T21:08:21.653+0000] {processor.py:175} INFO - Processing /opt/airflow/dags/sample_dag.py took 0.282 seconds
[2022-12-21T21:08:51.972+0000] {processor.py:153} INFO - Started process (PID=209) to work on /opt/airflow/dags/sample_dag.py
[2022-12-21T21:08:51.975+0000] {processor.py:743} INFO - Processing file /opt/airflow/dags/sample_dag.py for tasks to queue
[2022-12-21T21:08:51.977+0000] {logging_mixin.py:137} INFO - [2022-12-21T21:08:51.977+0000] {dagbag.py:538} INFO - Filling up the DagBag from /opt/airflow/dags/sample_dag.py
[2022-12-21T21:08:52.002+0000] {processor.py:753} INFO - DAG(s) dict_keys(['first_sample_dag']) retrieved from /opt/airflow/dags/sample_dag.py
[2022-12-21T21:08:52.046+0000] {logging_mixin.py:137} INFO - [2022-12-21T21:08:52.046+0000] {dag.py:2676} INFO - Sync 1 DAGs
[2022-12-21T21:08:52.076+0000] {logging_mixin.py:137} INFO - [2022-12-21T21:08:52.075+0000] {dag.py:3427} INFO - Setting next_dagrun for first_sample_dag to None, run_after=None
[2022-12-21T21:08:52.100+0000] {processor.py:175} INFO - Processing /opt/airflow/dags/sample_dag.py took 0.133 seconds
[2022-12-21T21:09:22.269+0000] {processor.py:153} INFO - Started process (PID=214) to work on /opt/airflow/dags/sample_dag.py
[2022-12-21T21:09:22.270+0000] {processor.py:743} INFO - Processing file /opt/airflow/dags/sample_dag.py for tasks to queue
[2022-12-21T21:09:22.272+0000] {logging_mixin.py:137} INFO - [2022-12-21T21:09:22.272+0000] {dagbag.py:538} INFO - Filling up the DagBag from /opt/airflow/dags/sample_dag.py
[2022-12-21T21:09:22.290+0000] {processor.py:753} INFO - DAG(s) dict_keys(['first_sample_dag']) retrieved from /opt/airflow/dags/sample_dag.py
[2022-12-21T21:09:22.327+0000] {logging_mixin.py:137} INFO - [2022-12-21T21:09:22.327+0000] {dag.py:2676} INFO - Sync 1 DAGs
[2022-12-21T21:09:22.354+0000] {logging_mixin.py:137} INFO - [2022-12-21T21:09:22.354+0000] {dag.py:3427} INFO - Setting next_dagrun for first_sample_dag to None, run_after=None
[2022-12-21T21:09:22.371+0000] {processor.py:175} INFO - Processing /opt/airflow/dags/sample_dag.py took 0.106 seconds
[2022-12-21T21:09:52.427+0000] {processor.py:153} INFO - Started process (PID=222) to work on /opt/airflow/dags/sample_dag.py
[2022-12-21T21:09:52.428+0000] {processor.py:743} INFO - Processing file /opt/airflow/dags/sample_dag.py for tasks to queue
[2022-12-21T21:09:52.430+0000] {logging_mixin.py:137} INFO - [2022-12-21T21:09:52.429+0000] {dagbag.py:538} INFO - Filling up the DagBag from /opt/airflow/dags/sample_dag.py
[2022-12-21T21:09:52.453+0000] {processor.py:753} INFO - DAG(s) dict_keys(['first_sample_dag']) retrieved from /opt/airflow/dags/sample_dag.py
[2022-12-21T21:09:52.494+0000] {logging_mixin.py:137} INFO - [2022-12-21T21:09:52.494+0000] {dag.py:2676} INFO - Sync 1 DAGs
[2022-12-21T21:09:52.519+0000] {logging_mixin.py:137} INFO - [2022-12-21T21:09:52.519+0000] {dag.py:3427} INFO - Setting next_dagrun for first_sample_dag to None, run_after=None
[2022-12-21T21:09:52.537+0000] {processor.py:175} INFO - Processing /opt/airflow/dags/sample_dag.py took 0.115 seconds
[2022-12-21T21:10:22.718+0000] {processor.py:153} INFO - Started process (PID=227) to work on /opt/airflow/dags/sample_dag.py
[2022-12-21T21:10:22.720+0000] {processor.py:743} INFO - Processing file /opt/airflow/dags/sample_dag.py for tasks to queue
[2022-12-21T21:10:22.721+0000] {logging_mixin.py:137} INFO - [2022-12-21T21:10:22.721+0000] {dagbag.py:538} INFO - Filling up the DagBag from /opt/airflow/dags/sample_dag.py
[2022-12-21T21:10:22.742+0000] {processor.py:753} INFO - DAG(s) dict_keys(['first_sample_dag']) retrieved from /opt/airflow/dags/sample_dag.py
[2022-12-21T21:10:22.777+0000] {logging_mixin.py:137} INFO - [2022-12-21T21:10:22.777+0000] {dag.py:2676} INFO - Sync 1 DAGs
[2022-12-21T21:10:22.801+0000] {logging_mixin.py:137} INFO - [2022-12-21T21:10:22.801+0000] {dag.py:3427} INFO - Setting next_dagrun for first_sample_dag to None, run_after=None
[2022-12-21T21:10:22.818+0000] {processor.py:175} INFO - Processing /opt/airflow/dags/sample_dag.py took 0.103 seconds
[2022-12-21T21:10:52.940+0000] {processor.py:153} INFO - Started process (PID=232) to work on /opt/airflow/dags/sample_dag.py
[2022-12-21T21:10:52.942+0000] {processor.py:743} INFO - Processing file /opt/airflow/dags/sample_dag.py for tasks to queue
[2022-12-21T21:10:52.943+0000] {logging_mixin.py:137} INFO - [2022-12-21T21:10:52.943+0000] {dagbag.py:538} INFO - Filling up the DagBag from /opt/airflow/dags/sample_dag.py
[2022-12-21T21:10:52.963+0000] {processor.py:753} INFO - DAG(s) dict_keys(['first_sample_dag']) retrieved from /opt/airflow/dags/sample_dag.py
[2022-12-21T21:10:53.000+0000] {logging_mixin.py:137} INFO - [2022-12-21T21:10:53.000+0000] {dag.py:2676} INFO - Sync 1 DAGs
[2022-12-21T21:10:53.025+0000] {logging_mixin.py:137} INFO - [2022-12-21T21:10:53.025+0000] {dag.py:3427} INFO - Setting next_dagrun for first_sample_dag to None, run_after=None
[2022-12-21T21:10:53.044+0000] {processor.py:175} INFO - Processing /opt/airflow/dags/sample_dag.py took 0.107 seconds
[2022-12-21T21:11:23.189+0000] {processor.py:153} INFO - Started process (PID=237) to work on /opt/airflow/dags/sample_dag.py
[2022-12-21T21:11:23.190+0000] {processor.py:743} INFO - Processing file /opt/airflow/dags/sample_dag.py for tasks to queue
[2022-12-21T21:11:23.192+0000] {logging_mixin.py:137} INFO - [2022-12-21T21:11:23.192+0000] {dagbag.py:538} INFO - Filling up the DagBag from /opt/airflow/dags/sample_dag.py
[2022-12-21T21:11:23.215+0000] {processor.py:753} INFO - DAG(s) dict_keys(['first_sample_dag']) retrieved from /opt/airflow/dags/sample_dag.py
[2022-12-21T21:11:23.252+0000] {logging_mixin.py:137} INFO - [2022-12-21T21:11:23.252+0000] {dag.py:2676} INFO - Sync 1 DAGs
[2022-12-21T21:11:23.279+0000] {logging_mixin.py:137} INFO - [2022-12-21T21:11:23.279+0000] {dag.py:3427} INFO - Setting next_dagrun for first_sample_dag to None, run_after=None
[2022-12-21T21:11:23.297+0000] {processor.py:175} INFO - Processing /opt/airflow/dags/sample_dag.py took 0.112 seconds
[2022-12-21T21:11:53.395+0000] {processor.py:153} INFO - Started process (PID=242) to work on /opt/airflow/dags/sample_dag.py
[2022-12-21T21:11:53.397+0000] {processor.py:743} INFO - Processing file /opt/airflow/dags/sample_dag.py for tasks to queue
[2022-12-21T21:11:53.398+0000] {logging_mixin.py:137} INFO - [2022-12-21T21:11:53.398+0000] {dagbag.py:538} INFO - Filling up the DagBag from /opt/airflow/dags/sample_dag.py
[2022-12-21T21:11:53.423+0000] {processor.py:753} INFO - DAG(s) dict_keys(['first_sample_dag']) retrieved from /opt/airflow/dags/sample_dag.py
[2022-12-21T21:11:53.476+0000] {logging_mixin.py:137} INFO - [2022-12-21T21:11:53.476+0000] {dag.py:2676} INFO - Sync 1 DAGs
[2022-12-21T21:11:53.513+0000] {logging_mixin.py:137} INFO - [2022-12-21T21:11:53.513+0000] {dag.py:3427} INFO - Setting next_dagrun for first_sample_dag to None, run_after=None
[2022-12-21T21:11:53.539+0000] {processor.py:175} INFO - Processing /opt/airflow/dags/sample_dag.py took 0.148 seconds
[2022-12-21T21:12:23.652+0000] {processor.py:153} INFO - Started process (PID=247) to work on /opt/airflow/dags/sample_dag.py
[2022-12-21T21:12:23.653+0000] {processor.py:743} INFO - Processing file /opt/airflow/dags/sample_dag.py for tasks to queue
[2022-12-21T21:12:23.655+0000] {logging_mixin.py:137} INFO - [2022-12-21T21:12:23.655+0000] {dagbag.py:538} INFO - Filling up the DagBag from /opt/airflow/dags/sample_dag.py
[2022-12-21T21:12:23.675+0000] {processor.py:753} INFO - DAG(s) dict_keys(['first_sample_dag']) retrieved from /opt/airflow/dags/sample_dag.py
[2022-12-21T21:12:23.712+0000] {logging_mixin.py:137} INFO - [2022-12-21T21:12:23.712+0000] {dag.py:2676} INFO - Sync 1 DAGs
[2022-12-21T21:12:23.736+0000] {logging_mixin.py:137} INFO - [2022-12-21T21:12:23.736+0000] {dag.py:3427} INFO - Setting next_dagrun for first_sample_dag to None, run_after=None
[2022-12-21T21:12:23.753+0000] {processor.py:175} INFO - Processing /opt/airflow/dags/sample_dag.py took 0.105 seconds
[2022-12-21T21:12:53.905+0000] {processor.py:153} INFO - Started process (PID=252) to work on /opt/airflow/dags/sample_dag.py
[2022-12-21T21:12:53.907+0000] {processor.py:743} INFO - Processing file /opt/airflow/dags/sample_dag.py for tasks to queue
[2022-12-21T21:12:53.908+0000] {logging_mixin.py:137} INFO - [2022-12-21T21:12:53.908+0000] {dagbag.py:538} INFO - Filling up the DagBag from /opt/airflow/dags/sample_dag.py
[2022-12-21T21:12:53.931+0000] {processor.py:753} INFO - DAG(s) dict_keys(['first_sample_dag']) retrieved from /opt/airflow/dags/sample_dag.py
[2022-12-21T21:12:53.978+0000] {logging_mixin.py:137} INFO - [2022-12-21T21:12:53.978+0000] {dag.py:2676} INFO - Sync 1 DAGs
[2022-12-21T21:12:54.012+0000] {logging_mixin.py:137} INFO - [2022-12-21T21:12:54.012+0000] {dag.py:3427} INFO - Setting next_dagrun for first_sample_dag to None, run_after=None
[2022-12-21T21:12:54.036+0000] {processor.py:175} INFO - Processing /opt/airflow/dags/sample_dag.py took 0.135 seconds
[2022-12-21T21:13:24.109+0000] {processor.py:153} INFO - Started process (PID=257) to work on /opt/airflow/dags/sample_dag.py
[2022-12-21T21:13:24.110+0000] {processor.py:743} INFO - Processing file /opt/airflow/dags/sample_dag.py for tasks to queue
[2022-12-21T21:13:24.112+0000] {logging_mixin.py:137} INFO - [2022-12-21T21:13:24.112+0000] {dagbag.py:538} INFO - Filling up the DagBag from /opt/airflow/dags/sample_dag.py
[2022-12-21T21:13:24.140+0000] {processor.py:753} INFO - DAG(s) dict_keys(['first_sample_dag']) retrieved from /opt/airflow/dags/sample_dag.py
[2022-12-21T21:13:24.189+0000] {logging_mixin.py:137} INFO - [2022-12-21T21:13:24.189+0000] {dag.py:2676} INFO - Sync 1 DAGs
[2022-12-21T21:13:24.220+0000] {logging_mixin.py:137} INFO - [2022-12-21T21:13:24.220+0000] {dag.py:3427} INFO - Setting next_dagrun for first_sample_dag to None, run_after=None
[2022-12-21T21:13:24.242+0000] {processor.py:175} INFO - Processing /opt/airflow/dags/sample_dag.py took 0.138 seconds
[2022-12-21T21:13:54.338+0000] {processor.py:153} INFO - Started process (PID=262) to work on /opt/airflow/dags/sample_dag.py
[2022-12-21T21:13:54.339+0000] {processor.py:743} INFO - Processing file /opt/airflow/dags/sample_dag.py for tasks to queue
[2022-12-21T21:13:54.341+0000] {logging_mixin.py:137} INFO - [2022-12-21T21:13:54.340+0000] {dagbag.py:538} INFO - Filling up the DagBag from /opt/airflow/dags/sample_dag.py
[2022-12-21T21:13:54.359+0000] {processor.py:753} INFO - DAG(s) dict_keys(['first_sample_dag']) retrieved from /opt/airflow/dags/sample_dag.py
[2022-12-21T21:13:54.396+0000] {logging_mixin.py:137} INFO - [2022-12-21T21:13:54.395+0000] {dag.py:2676} INFO - Sync 1 DAGs
[2022-12-21T21:13:54.424+0000] {logging_mixin.py:137} INFO - [2022-12-21T21:13:54.423+0000] {dag.py:3427} INFO - Setting next_dagrun for first_sample_dag to None, run_after=None
[2022-12-21T21:13:54.444+0000] {processor.py:175} INFO - Processing /opt/airflow/dags/sample_dag.py took 0.109 seconds
[2022-12-21T21:14:24.565+0000] {processor.py:153} INFO - Started process (PID=267) to work on /opt/airflow/dags/sample_dag.py
[2022-12-21T21:14:24.567+0000] {processor.py:743} INFO - Processing file /opt/airflow/dags/sample_dag.py for tasks to queue
[2022-12-21T21:14:24.568+0000] {logging_mixin.py:137} INFO - [2022-12-21T21:14:24.568+0000] {dagbag.py:538} INFO - Filling up the DagBag from /opt/airflow/dags/sample_dag.py
[2022-12-21T21:14:24.586+0000] {processor.py:753} INFO - DAG(s) dict_keys(['first_sample_dag']) retrieved from /opt/airflow/dags/sample_dag.py
[2022-12-21T21:14:24.623+0000] {logging_mixin.py:137} INFO - [2022-12-21T21:14:24.623+0000] {dag.py:2676} INFO - Sync 1 DAGs
[2022-12-21T21:14:24.650+0000] {logging_mixin.py:137} INFO - [2022-12-21T21:14:24.650+0000] {dag.py:3427} INFO - Setting next_dagrun for first_sample_dag to None, run_after=None
[2022-12-21T21:14:24.668+0000] {processor.py:175} INFO - Processing /opt/airflow/dags/sample_dag.py took 0.106 seconds
[2022-12-21T21:14:54.771+0000] {processor.py:153} INFO - Started process (PID=272) to work on /opt/airflow/dags/sample_dag.py
[2022-12-21T21:14:54.772+0000] {processor.py:743} INFO - Processing file /opt/airflow/dags/sample_dag.py for tasks to queue
[2022-12-21T21:14:54.774+0000] {logging_mixin.py:137} INFO - [2022-12-21T21:14:54.773+0000] {dagbag.py:538} INFO - Filling up the DagBag from /opt/airflow/dags/sample_dag.py
[2022-12-21T21:14:54.790+0000] {processor.py:753} INFO - DAG(s) dict_keys(['first_sample_dag']) retrieved from /opt/airflow/dags/sample_dag.py
[2022-12-21T21:14:54.826+0000] {logging_mixin.py:137} INFO - [2022-12-21T21:14:54.826+0000] {dag.py:2676} INFO - Sync 1 DAGs
[2022-12-21T21:14:54.851+0000] {logging_mixin.py:137} INFO - [2022-12-21T21:14:54.851+0000] {dag.py:3427} INFO - Setting next_dagrun for first_sample_dag to None, run_after=None
[2022-12-21T21:14:54.869+0000] {processor.py:175} INFO - Processing /opt/airflow/dags/sample_dag.py took 0.101 seconds
[2022-12-21T21:15:25.030+0000] {processor.py:153} INFO - Started process (PID=277) to work on /opt/airflow/dags/sample_dag.py
[2022-12-21T21:15:25.031+0000] {processor.py:743} INFO - Processing file /opt/airflow/dags/sample_dag.py for tasks to queue
[2022-12-21T21:15:25.033+0000] {logging_mixin.py:137} INFO - [2022-12-21T21:15:25.033+0000] {dagbag.py:538} INFO - Filling up the DagBag from /opt/airflow/dags/sample_dag.py
[2022-12-21T21:15:25.054+0000] {processor.py:753} INFO - DAG(s) dict_keys(['first_sample_dag']) retrieved from /opt/airflow/dags/sample_dag.py
[2022-12-21T21:15:25.090+0000] {logging_mixin.py:137} INFO - [2022-12-21T21:15:25.090+0000] {dag.py:2676} INFO - Sync 1 DAGs
[2022-12-21T21:15:25.115+0000] {logging_mixin.py:137} INFO - [2022-12-21T21:15:25.115+0000] {dag.py:3427} INFO - Setting next_dagrun for first_sample_dag to None, run_after=None
[2022-12-21T21:15:25.134+0000] {processor.py:175} INFO - Processing /opt/airflow/dags/sample_dag.py took 0.107 seconds
[2022-12-21T21:15:55.228+0000] {processor.py:153} INFO - Started process (PID=282) to work on /opt/airflow/dags/sample_dag.py
[2022-12-21T21:15:55.229+0000] {processor.py:743} INFO - Processing file /opt/airflow/dags/sample_dag.py for tasks to queue
[2022-12-21T21:15:55.231+0000] {logging_mixin.py:137} INFO - [2022-12-21T21:15:55.230+0000] {dagbag.py:538} INFO - Filling up the DagBag from /opt/airflow/dags/sample_dag.py
[2022-12-21T21:15:55.250+0000] {processor.py:753} INFO - DAG(s) dict_keys(['first_sample_dag']) retrieved from /opt/airflow/dags/sample_dag.py
[2022-12-21T21:15:55.292+0000] {logging_mixin.py:137} INFO - [2022-12-21T21:15:55.292+0000] {dag.py:2676} INFO - Sync 1 DAGs
[2022-12-21T21:15:55.321+0000] {logging_mixin.py:137} INFO - [2022-12-21T21:15:55.321+0000] {dag.py:3427} INFO - Setting next_dagrun for first_sample_dag to None, run_after=None
[2022-12-21T21:15:55.340+0000] {processor.py:175} INFO - Processing /opt/airflow/dags/sample_dag.py took 0.117 seconds
[2022-12-21T21:16:25.507+0000] {processor.py:153} INFO - Started process (PID=287) to work on /opt/airflow/dags/sample_dag.py
[2022-12-21T21:16:25.508+0000] {processor.py:743} INFO - Processing file /opt/airflow/dags/sample_dag.py for tasks to queue
[2022-12-21T21:16:25.509+0000] {logging_mixin.py:137} INFO - [2022-12-21T21:16:25.509+0000] {dagbag.py:538} INFO - Filling up the DagBag from /opt/airflow/dags/sample_dag.py
[2022-12-21T21:16:25.527+0000] {processor.py:753} INFO - DAG(s) dict_keys(['first_sample_dag']) retrieved from /opt/airflow/dags/sample_dag.py
[2022-12-21T21:16:25.564+0000] {logging_mixin.py:137} INFO - [2022-12-21T21:16:25.564+0000] {dag.py:2676} INFO - Sync 1 DAGs
[2022-12-21T21:16:25.592+0000] {logging_mixin.py:137} INFO - [2022-12-21T21:16:25.592+0000] {dag.py:3427} INFO - Setting next_dagrun for first_sample_dag to None, run_after=None
[2022-12-21T21:16:25.612+0000] {processor.py:175} INFO - Processing /opt/airflow/dags/sample_dag.py took 0.108 seconds
[2022-12-21T21:16:55.718+0000] {processor.py:153} INFO - Started process (PID=292) to work on /opt/airflow/dags/sample_dag.py
[2022-12-21T21:16:55.719+0000] {processor.py:743} INFO - Processing file /opt/airflow/dags/sample_dag.py for tasks to queue
[2022-12-21T21:16:55.720+0000] {logging_mixin.py:137} INFO - [2022-12-21T21:16:55.720+0000] {dagbag.py:538} INFO - Filling up the DagBag from /opt/airflow/dags/sample_dag.py
[2022-12-21T21:16:55.737+0000] {processor.py:753} INFO - DAG(s) dict_keys(['first_sample_dag']) retrieved from /opt/airflow/dags/sample_dag.py
[2022-12-21T21:16:55.771+0000] {logging_mixin.py:137} INFO - [2022-12-21T21:16:55.771+0000] {dag.py:2676} INFO - Sync 1 DAGs
[2022-12-21T21:16:55.795+0000] {logging_mixin.py:137} INFO - [2022-12-21T21:16:55.795+0000] {dag.py:3427} INFO - Setting next_dagrun for first_sample_dag to None, run_after=None
[2022-12-21T21:16:55.812+0000] {processor.py:175} INFO - Processing /opt/airflow/dags/sample_dag.py took 0.099 seconds
[2022-12-21T21:17:26.000+0000] {processor.py:153} INFO - Started process (PID=297) to work on /opt/airflow/dags/sample_dag.py
[2022-12-21T21:17:26.002+0000] {processor.py:743} INFO - Processing file /opt/airflow/dags/sample_dag.py for tasks to queue
[2022-12-21T21:17:26.003+0000] {logging_mixin.py:137} INFO - [2022-12-21T21:17:26.003+0000] {dagbag.py:538} INFO - Filling up the DagBag from /opt/airflow/dags/sample_dag.py
[2022-12-21T21:17:26.022+0000] {processor.py:753} INFO - DAG(s) dict_keys(['first_sample_dag']) retrieved from /opt/airflow/dags/sample_dag.py
[2022-12-21T21:17:26.058+0000] {logging_mixin.py:137} INFO - [2022-12-21T21:17:26.058+0000] {dag.py:2676} INFO - Sync 1 DAGs
[2022-12-21T21:17:26.085+0000] {logging_mixin.py:137} INFO - [2022-12-21T21:17:26.085+0000] {dag.py:3427} INFO - Setting next_dagrun for first_sample_dag to None, run_after=None
[2022-12-21T21:17:26.102+0000] {processor.py:175} INFO - Processing /opt/airflow/dags/sample_dag.py took 0.106 seconds
[2022-12-21T21:17:56.227+0000] {processor.py:153} INFO - Started process (PID=302) to work on /opt/airflow/dags/sample_dag.py
[2022-12-21T21:17:56.228+0000] {processor.py:743} INFO - Processing file /opt/airflow/dags/sample_dag.py for tasks to queue
[2022-12-21T21:17:56.229+0000] {logging_mixin.py:137} INFO - [2022-12-21T21:17:56.229+0000] {dagbag.py:538} INFO - Filling up the DagBag from /opt/airflow/dags/sample_dag.py
[2022-12-21T21:17:56.251+0000] {processor.py:753} INFO - DAG(s) dict_keys(['first_sample_dag']) retrieved from /opt/airflow/dags/sample_dag.py
[2022-12-21T21:17:56.285+0000] {logging_mixin.py:137} INFO - [2022-12-21T21:17:56.285+0000] {dag.py:2676} INFO - Sync 1 DAGs
[2022-12-21T21:17:56.309+0000] {logging_mixin.py:137} INFO - [2022-12-21T21:17:56.309+0000] {dag.py:3427} INFO - Setting next_dagrun for first_sample_dag to None, run_after=None
[2022-12-21T21:17:56.326+0000] {processor.py:175} INFO - Processing /opt/airflow/dags/sample_dag.py took 0.103 seconds
[2022-12-21T21:18:26.491+0000] {processor.py:153} INFO - Started process (PID=307) to work on /opt/airflow/dags/sample_dag.py
[2022-12-21T21:18:26.493+0000] {processor.py:743} INFO - Processing file /opt/airflow/dags/sample_dag.py for tasks to queue
[2022-12-21T21:18:26.494+0000] {logging_mixin.py:137} INFO - [2022-12-21T21:18:26.494+0000] {dagbag.py:538} INFO - Filling up the DagBag from /opt/airflow/dags/sample_dag.py
[2022-12-21T21:18:26.512+0000] {processor.py:753} INFO - DAG(s) dict_keys(['first_sample_dag']) retrieved from /opt/airflow/dags/sample_dag.py
[2022-12-21T21:18:26.545+0000] {logging_mixin.py:137} INFO - [2022-12-21T21:18:26.545+0000] {dag.py:2676} INFO - Sync 1 DAGs
[2022-12-21T21:18:26.571+0000] {logging_mixin.py:137} INFO - [2022-12-21T21:18:26.570+0000] {dag.py:3427} INFO - Setting next_dagrun for first_sample_dag to None, run_after=None
[2022-12-21T21:18:26.587+0000] {processor.py:175} INFO - Processing /opt/airflow/dags/sample_dag.py took 0.099 seconds
[2022-12-21T21:18:56.712+0000] {processor.py:153} INFO - Started process (PID=312) to work on /opt/airflow/dags/sample_dag.py
[2022-12-21T21:18:56.713+0000] {processor.py:743} INFO - Processing file /opt/airflow/dags/sample_dag.py for tasks to queue
[2022-12-21T21:18:56.714+0000] {logging_mixin.py:137} INFO - [2022-12-21T21:18:56.714+0000] {dagbag.py:538} INFO - Filling up the DagBag from /opt/airflow/dags/sample_dag.py
[2022-12-21T21:18:56.734+0000] {processor.py:753} INFO - DAG(s) dict_keys(['first_sample_dag']) retrieved from /opt/airflow/dags/sample_dag.py
[2022-12-21T21:18:56.770+0000] {logging_mixin.py:137} INFO - [2022-12-21T21:18:56.770+0000] {dag.py:2676} INFO - Sync 1 DAGs
[2022-12-21T21:18:56.794+0000] {logging_mixin.py:137} INFO - [2022-12-21T21:18:56.793+0000] {dag.py:3427} INFO - Setting next_dagrun for first_sample_dag to None, run_after=None
[2022-12-21T21:18:56.814+0000] {processor.py:175} INFO - Processing /opt/airflow/dags/sample_dag.py took 0.106 seconds
[2022-12-21T21:19:26.943+0000] {processor.py:153} INFO - Started process (PID=317) to work on /opt/airflow/dags/sample_dag.py
[2022-12-21T21:19:26.945+0000] {processor.py:743} INFO - Processing file /opt/airflow/dags/sample_dag.py for tasks to queue
[2022-12-21T21:19:26.946+0000] {logging_mixin.py:137} INFO - [2022-12-21T21:19:26.946+0000] {dagbag.py:538} INFO - Filling up the DagBag from /opt/airflow/dags/sample_dag.py
[2022-12-21T21:19:26.963+0000] {processor.py:753} INFO - DAG(s) dict_keys(['first_sample_dag']) retrieved from /opt/airflow/dags/sample_dag.py
[2022-12-21T21:19:26.998+0000] {logging_mixin.py:137} INFO - [2022-12-21T21:19:26.998+0000] {dag.py:2676} INFO - Sync 1 DAGs
[2022-12-21T21:19:27.021+0000] {logging_mixin.py:137} INFO - [2022-12-21T21:19:27.021+0000] {dag.py:3427} INFO - Setting next_dagrun for first_sample_dag to None, run_after=None
[2022-12-21T21:19:27.039+0000] {processor.py:175} INFO - Processing /opt/airflow/dags/sample_dag.py took 0.099 seconds
[2022-12-21T21:19:57.183+0000] {processor.py:153} INFO - Started process (PID=322) to work on /opt/airflow/dags/sample_dag.py
[2022-12-21T21:19:57.184+0000] {processor.py:743} INFO - Processing file /opt/airflow/dags/sample_dag.py for tasks to queue
[2022-12-21T21:19:57.186+0000] {logging_mixin.py:137} INFO - [2022-12-21T21:19:57.186+0000] {dagbag.py:538} INFO - Filling up the DagBag from /opt/airflow/dags/sample_dag.py
[2022-12-21T21:19:57.204+0000] {processor.py:753} INFO - DAG(s) dict_keys(['first_sample_dag']) retrieved from /opt/airflow/dags/sample_dag.py
[2022-12-21T21:19:57.239+0000] {logging_mixin.py:137} INFO - [2022-12-21T21:19:57.239+0000] {dag.py:2676} INFO - Sync 1 DAGs
[2022-12-21T21:19:57.263+0000] {logging_mixin.py:137} INFO - [2022-12-21T21:19:57.263+0000] {dag.py:3427} INFO - Setting next_dagrun for first_sample_dag to None, run_after=None
[2022-12-21T21:19:57.280+0000] {processor.py:175} INFO - Processing /opt/airflow/dags/sample_dag.py took 0.101 seconds
[2022-12-21T21:20:27.401+0000] {processor.py:153} INFO - Started process (PID=327) to work on /opt/airflow/dags/sample_dag.py
[2022-12-21T21:20:27.403+0000] {processor.py:743} INFO - Processing file /opt/airflow/dags/sample_dag.py for tasks to queue
[2022-12-21T21:20:27.404+0000] {logging_mixin.py:137} INFO - [2022-12-21T21:20:27.404+0000] {dagbag.py:538} INFO - Filling up the DagBag from /opt/airflow/dags/sample_dag.py
[2022-12-21T21:20:27.423+0000] {processor.py:753} INFO - DAG(s) dict_keys(['first_sample_dag']) retrieved from /opt/airflow/dags/sample_dag.py
[2022-12-21T21:20:27.456+0000] {logging_mixin.py:137} INFO - [2022-12-21T21:20:27.456+0000] {dag.py:2676} INFO - Sync 1 DAGs
[2022-12-21T21:20:27.480+0000] {logging_mixin.py:137} INFO - [2022-12-21T21:20:27.480+0000] {dag.py:3427} INFO - Setting next_dagrun for first_sample_dag to None, run_after=None
[2022-12-21T21:20:27.496+0000] {processor.py:175} INFO - Processing /opt/airflow/dags/sample_dag.py took 0.099 seconds
[2022-12-21T21:20:57.643+0000] {processor.py:153} INFO - Started process (PID=332) to work on /opt/airflow/dags/sample_dag.py
[2022-12-21T21:20:57.644+0000] {processor.py:743} INFO - Processing file /opt/airflow/dags/sample_dag.py for tasks to queue
[2022-12-21T21:20:57.646+0000] {logging_mixin.py:137} INFO - [2022-12-21T21:20:57.646+0000] {dagbag.py:538} INFO - Filling up the DagBag from /opt/airflow/dags/sample_dag.py
[2022-12-21T21:20:57.667+0000] {processor.py:753} INFO - DAG(s) dict_keys(['first_sample_dag']) retrieved from /opt/airflow/dags/sample_dag.py
[2022-12-21T21:20:57.701+0000] {logging_mixin.py:137} INFO - [2022-12-21T21:20:57.701+0000] {dag.py:2676} INFO - Sync 1 DAGs
[2022-12-21T21:20:57.734+0000] {logging_mixin.py:137} INFO - [2022-12-21T21:20:57.734+0000] {dag.py:3427} INFO - Setting next_dagrun for first_sample_dag to None, run_after=None
[2022-12-21T21:20:57.751+0000] {processor.py:175} INFO - Processing /opt/airflow/dags/sample_dag.py took 0.112 seconds
[2022-12-21T21:21:27.835+0000] {processor.py:153} INFO - Started process (PID=337) to work on /opt/airflow/dags/sample_dag.py
[2022-12-21T21:21:27.837+0000] {processor.py:743} INFO - Processing file /opt/airflow/dags/sample_dag.py for tasks to queue
[2022-12-21T21:21:27.838+0000] {logging_mixin.py:137} INFO - [2022-12-21T21:21:27.838+0000] {dagbag.py:538} INFO - Filling up the DagBag from /opt/airflow/dags/sample_dag.py
[2022-12-21T21:21:27.857+0000] {processor.py:753} INFO - DAG(s) dict_keys(['first_sample_dag']) retrieved from /opt/airflow/dags/sample_dag.py
[2022-12-21T21:21:27.893+0000] {logging_mixin.py:137} INFO - [2022-12-21T21:21:27.893+0000] {dag.py:2676} INFO - Sync 1 DAGs
[2022-12-21T21:21:27.919+0000] {logging_mixin.py:137} INFO - [2022-12-21T21:21:27.919+0000] {dag.py:3427} INFO - Setting next_dagrun for first_sample_dag to None, run_after=None
[2022-12-21T21:21:27.935+0000] {processor.py:175} INFO - Processing /opt/airflow/dags/sample_dag.py took 0.104 seconds
[2022-12-21T21:21:58.123+0000] {processor.py:153} INFO - Started process (PID=342) to work on /opt/airflow/dags/sample_dag.py
[2022-12-21T21:21:58.124+0000] {processor.py:743} INFO - Processing file /opt/airflow/dags/sample_dag.py for tasks to queue
[2022-12-21T21:21:58.125+0000] {logging_mixin.py:137} INFO - [2022-12-21T21:21:58.125+0000] {dagbag.py:538} INFO - Filling up the DagBag from /opt/airflow/dags/sample_dag.py
[2022-12-21T21:21:58.146+0000] {processor.py:753} INFO - DAG(s) dict_keys(['first_sample_dag']) retrieved from /opt/airflow/dags/sample_dag.py
[2022-12-21T21:21:58.182+0000] {logging_mixin.py:137} INFO - [2022-12-21T21:21:58.182+0000] {dag.py:2676} INFO - Sync 1 DAGs
[2022-12-21T21:21:58.209+0000] {logging_mixin.py:137} INFO - [2022-12-21T21:21:58.209+0000] {dag.py:3427} INFO - Setting next_dagrun for first_sample_dag to None, run_after=None
[2022-12-21T21:21:58.225+0000] {processor.py:175} INFO - Processing /opt/airflow/dags/sample_dag.py took 0.106 seconds
[2022-12-21T21:22:28.304+0000] {processor.py:153} INFO - Started process (PID=347) to work on /opt/airflow/dags/sample_dag.py
[2022-12-21T21:22:28.306+0000] {processor.py:743} INFO - Processing file /opt/airflow/dags/sample_dag.py for tasks to queue
[2022-12-21T21:22:28.307+0000] {logging_mixin.py:137} INFO - [2022-12-21T21:22:28.307+0000] {dagbag.py:538} INFO - Filling up the DagBag from /opt/airflow/dags/sample_dag.py
[2022-12-21T21:22:28.326+0000] {processor.py:753} INFO - DAG(s) dict_keys(['first_sample_dag']) retrieved from /opt/airflow/dags/sample_dag.py
[2022-12-21T21:22:28.363+0000] {logging_mixin.py:137} INFO - [2022-12-21T21:22:28.363+0000] {dag.py:2676} INFO - Sync 1 DAGs
[2022-12-21T21:22:28.391+0000] {logging_mixin.py:137} INFO - [2022-12-21T21:22:28.391+0000] {dag.py:3427} INFO - Setting next_dagrun for first_sample_dag to None, run_after=None
[2022-12-21T21:22:28.409+0000] {processor.py:175} INFO - Processing /opt/airflow/dags/sample_dag.py took 0.109 seconds
[2022-12-21T21:22:58.598+0000] {processor.py:153} INFO - Started process (PID=352) to work on /opt/airflow/dags/sample_dag.py
[2022-12-21T21:22:58.599+0000] {processor.py:743} INFO - Processing file /opt/airflow/dags/sample_dag.py for tasks to queue
[2022-12-21T21:22:58.601+0000] {logging_mixin.py:137} INFO - [2022-12-21T21:22:58.601+0000] {dagbag.py:538} INFO - Filling up the DagBag from /opt/airflow/dags/sample_dag.py
[2022-12-21T21:22:58.620+0000] {processor.py:753} INFO - DAG(s) dict_keys(['first_sample_dag']) retrieved from /opt/airflow/dags/sample_dag.py
[2022-12-21T21:22:58.656+0000] {logging_mixin.py:137} INFO - [2022-12-21T21:22:58.656+0000] {dag.py:2676} INFO - Sync 1 DAGs
[2022-12-21T21:22:58.681+0000] {logging_mixin.py:137} INFO - [2022-12-21T21:22:58.681+0000] {dag.py:3427} INFO - Setting next_dagrun for first_sample_dag to None, run_after=None
[2022-12-21T21:22:58.699+0000] {processor.py:175} INFO - Processing /opt/airflow/dags/sample_dag.py took 0.104 seconds
[2022-12-21T21:23:28.801+0000] {processor.py:153} INFO - Started process (PID=357) to work on /opt/airflow/dags/sample_dag.py
[2022-12-21T21:23:28.803+0000] {processor.py:743} INFO - Processing file /opt/airflow/dags/sample_dag.py for tasks to queue
[2022-12-21T21:23:28.804+0000] {logging_mixin.py:137} INFO - [2022-12-21T21:23:28.804+0000] {dagbag.py:538} INFO - Filling up the DagBag from /opt/airflow/dags/sample_dag.py
[2022-12-21T21:23:28.825+0000] {processor.py:753} INFO - DAG(s) dict_keys(['first_sample_dag']) retrieved from /opt/airflow/dags/sample_dag.py
[2022-12-21T21:23:28.862+0000] {logging_mixin.py:137} INFO - [2022-12-21T21:23:28.862+0000] {dag.py:2676} INFO - Sync 1 DAGs
[2022-12-21T21:23:28.893+0000] {logging_mixin.py:137} INFO - [2022-12-21T21:23:28.893+0000] {dag.py:3427} INFO - Setting next_dagrun for first_sample_dag to None, run_after=None
[2022-12-21T21:23:28.911+0000] {processor.py:175} INFO - Processing /opt/airflow/dags/sample_dag.py took 0.117 seconds
[2022-12-21T21:23:59.073+0000] {processor.py:153} INFO - Started process (PID=362) to work on /opt/airflow/dags/sample_dag.py
[2022-12-21T21:23:59.075+0000] {processor.py:743} INFO - Processing file /opt/airflow/dags/sample_dag.py for tasks to queue
[2022-12-21T21:23:59.076+0000] {logging_mixin.py:137} INFO - [2022-12-21T21:23:59.075+0000] {dagbag.py:538} INFO - Filling up the DagBag from /opt/airflow/dags/sample_dag.py
[2022-12-21T21:23:59.095+0000] {processor.py:753} INFO - DAG(s) dict_keys(['first_sample_dag']) retrieved from /opt/airflow/dags/sample_dag.py
[2022-12-21T21:23:59.133+0000] {logging_mixin.py:137} INFO - [2022-12-21T21:23:59.132+0000] {dag.py:2676} INFO - Sync 1 DAGs
[2022-12-21T21:23:59.157+0000] {logging_mixin.py:137} INFO - [2022-12-21T21:23:59.157+0000] {dag.py:3427} INFO - Setting next_dagrun for first_sample_dag to None, run_after=None
[2022-12-21T21:23:59.176+0000] {processor.py:175} INFO - Processing /opt/airflow/dags/sample_dag.py took 0.106 seconds
[2022-12-21T21:24:29.274+0000] {processor.py:153} INFO - Started process (PID=367) to work on /opt/airflow/dags/sample_dag.py
[2022-12-21T21:24:29.275+0000] {processor.py:743} INFO - Processing file /opt/airflow/dags/sample_dag.py for tasks to queue
[2022-12-21T21:24:29.276+0000] {logging_mixin.py:137} INFO - [2022-12-21T21:24:29.276+0000] {dagbag.py:538} INFO - Filling up the DagBag from /opt/airflow/dags/sample_dag.py
[2022-12-21T21:24:29.295+0000] {processor.py:753} INFO - DAG(s) dict_keys(['first_sample_dag']) retrieved from /opt/airflow/dags/sample_dag.py
[2022-12-21T21:24:29.329+0000] {logging_mixin.py:137} INFO - [2022-12-21T21:24:29.329+0000] {dag.py:2676} INFO - Sync 1 DAGs
[2022-12-21T21:24:29.354+0000] {logging_mixin.py:137} INFO - [2022-12-21T21:24:29.354+0000] {dag.py:3427} INFO - Setting next_dagrun for first_sample_dag to None, run_after=None
[2022-12-21T21:24:29.371+0000] {processor.py:175} INFO - Processing /opt/airflow/dags/sample_dag.py took 0.101 seconds
[2022-12-21T21:24:59.572+0000] {processor.py:153} INFO - Started process (PID=372) to work on /opt/airflow/dags/sample_dag.py
[2022-12-21T21:24:59.573+0000] {processor.py:743} INFO - Processing file /opt/airflow/dags/sample_dag.py for tasks to queue
[2022-12-21T21:24:59.575+0000] {logging_mixin.py:137} INFO - [2022-12-21T21:24:59.574+0000] {dagbag.py:538} INFO - Filling up the DagBag from /opt/airflow/dags/sample_dag.py
[2022-12-21T21:24:59.594+0000] {processor.py:753} INFO - DAG(s) dict_keys(['first_sample_dag']) retrieved from /opt/airflow/dags/sample_dag.py
[2022-12-21T21:24:59.628+0000] {logging_mixin.py:137} INFO - [2022-12-21T21:24:59.628+0000] {dag.py:2676} INFO - Sync 1 DAGs
[2022-12-21T21:24:59.653+0000] {logging_mixin.py:137} INFO - [2022-12-21T21:24:59.652+0000] {dag.py:3427} INFO - Setting next_dagrun for first_sample_dag to None, run_after=None
[2022-12-21T21:24:59.669+0000] {processor.py:175} INFO - Processing /opt/airflow/dags/sample_dag.py took 0.101 seconds
[2022-12-21T21:25:29.755+0000] {processor.py:153} INFO - Started process (PID=377) to work on /opt/airflow/dags/sample_dag.py
[2022-12-21T21:25:29.756+0000] {processor.py:743} INFO - Processing file /opt/airflow/dags/sample_dag.py for tasks to queue
[2022-12-21T21:25:29.757+0000] {logging_mixin.py:137} INFO - [2022-12-21T21:25:29.757+0000] {dagbag.py:538} INFO - Filling up the DagBag from /opt/airflow/dags/sample_dag.py
[2022-12-21T21:25:29.777+0000] {processor.py:753} INFO - DAG(s) dict_keys(['first_sample_dag']) retrieved from /opt/airflow/dags/sample_dag.py
[2022-12-21T21:25:29.819+0000] {logging_mixin.py:137} INFO - [2022-12-21T21:25:29.818+0000] {dag.py:2676} INFO - Sync 1 DAGs
[2022-12-21T21:25:29.850+0000] {logging_mixin.py:137} INFO - [2022-12-21T21:25:29.850+0000] {dag.py:3427} INFO - Setting next_dagrun for first_sample_dag to None, run_after=None
[2022-12-21T21:25:29.874+0000] {processor.py:175} INFO - Processing /opt/airflow/dags/sample_dag.py took 0.123 seconds
[2022-12-21T21:26:00.066+0000] {processor.py:153} INFO - Started process (PID=382) to work on /opt/airflow/dags/sample_dag.py
[2022-12-21T21:26:00.067+0000] {processor.py:743} INFO - Processing file /opt/airflow/dags/sample_dag.py for tasks to queue
[2022-12-21T21:26:00.068+0000] {logging_mixin.py:137} INFO - [2022-12-21T21:26:00.068+0000] {dagbag.py:538} INFO - Filling up the DagBag from /opt/airflow/dags/sample_dag.py
[2022-12-21T21:26:00.086+0000] {processor.py:753} INFO - DAG(s) dict_keys(['first_sample_dag']) retrieved from /opt/airflow/dags/sample_dag.py
[2022-12-21T21:26:00.120+0000] {logging_mixin.py:137} INFO - [2022-12-21T21:26:00.120+0000] {dag.py:2676} INFO - Sync 1 DAGs
[2022-12-21T21:26:00.144+0000] {logging_mixin.py:137} INFO - [2022-12-21T21:26:00.144+0000] {dag.py:3427} INFO - Setting next_dagrun for first_sample_dag to None, run_after=None
[2022-12-21T21:26:00.161+0000] {processor.py:175} INFO - Processing /opt/airflow/dags/sample_dag.py took 0.098 seconds
[2022-12-21T21:26:30.272+0000] {processor.py:153} INFO - Started process (PID=387) to work on /opt/airflow/dags/sample_dag.py
[2022-12-21T21:26:30.273+0000] {processor.py:743} INFO - Processing file /opt/airflow/dags/sample_dag.py for tasks to queue
[2022-12-21T21:26:30.274+0000] {logging_mixin.py:137} INFO - [2022-12-21T21:26:30.274+0000] {dagbag.py:538} INFO - Filling up the DagBag from /opt/airflow/dags/sample_dag.py
[2022-12-21T21:26:30.293+0000] {processor.py:753} INFO - DAG(s) dict_keys(['first_sample_dag']) retrieved from /opt/airflow/dags/sample_dag.py
[2022-12-21T21:26:30.328+0000] {logging_mixin.py:137} INFO - [2022-12-21T21:26:30.328+0000] {dag.py:2676} INFO - Sync 1 DAGs
[2022-12-21T21:26:30.354+0000] {logging_mixin.py:137} INFO - [2022-12-21T21:26:30.354+0000] {dag.py:3427} INFO - Setting next_dagrun for first_sample_dag to None, run_after=None
[2022-12-21T21:26:30.371+0000] {processor.py:175} INFO - Processing /opt/airflow/dags/sample_dag.py took 0.103 seconds
[2022-12-21T21:27:00.608+0000] {processor.py:153} INFO - Started process (PID=392) to work on /opt/airflow/dags/sample_dag.py
[2022-12-21T21:27:00.609+0000] {processor.py:743} INFO - Processing file /opt/airflow/dags/sample_dag.py for tasks to queue
[2022-12-21T21:27:00.611+0000] {logging_mixin.py:137} INFO - [2022-12-21T21:27:00.611+0000] {dagbag.py:538} INFO - Filling up the DagBag from /opt/airflow/dags/sample_dag.py
[2022-12-21T21:27:00.630+0000] {processor.py:753} INFO - DAG(s) dict_keys(['first_sample_dag']) retrieved from /opt/airflow/dags/sample_dag.py
[2022-12-21T21:27:00.665+0000] {logging_mixin.py:137} INFO - [2022-12-21T21:27:00.665+0000] {dag.py:2676} INFO - Sync 1 DAGs
[2022-12-21T21:27:00.690+0000] {logging_mixin.py:137} INFO - [2022-12-21T21:27:00.690+0000] {dag.py:3427} INFO - Setting next_dagrun for first_sample_dag to None, run_after=None
[2022-12-21T21:27:00.708+0000] {processor.py:175} INFO - Processing /opt/airflow/dags/sample_dag.py took 0.105 seconds
[2022-12-21T21:27:30.803+0000] {processor.py:153} INFO - Started process (PID=397) to work on /opt/airflow/dags/sample_dag.py
[2022-12-21T21:27:30.804+0000] {processor.py:743} INFO - Processing file /opt/airflow/dags/sample_dag.py for tasks to queue
[2022-12-21T21:27:30.805+0000] {logging_mixin.py:137} INFO - [2022-12-21T21:27:30.805+0000] {dagbag.py:538} INFO - Filling up the DagBag from /opt/airflow/dags/sample_dag.py
[2022-12-21T21:27:30.825+0000] {processor.py:753} INFO - DAG(s) dict_keys(['first_sample_dag']) retrieved from /opt/airflow/dags/sample_dag.py
[2022-12-21T21:27:30.862+0000] {logging_mixin.py:137} INFO - [2022-12-21T21:27:30.862+0000] {dag.py:2676} INFO - Sync 1 DAGs
[2022-12-21T21:27:30.890+0000] {logging_mixin.py:137} INFO - [2022-12-21T21:27:30.890+0000] {dag.py:3427} INFO - Setting next_dagrun for first_sample_dag to None, run_after=None
[2022-12-21T21:27:30.911+0000] {processor.py:175} INFO - Processing /opt/airflow/dags/sample_dag.py took 0.113 seconds
[2022-12-21T21:28:01.110+0000] {processor.py:153} INFO - Started process (PID=402) to work on /opt/airflow/dags/sample_dag.py
[2022-12-21T21:28:01.111+0000] {processor.py:743} INFO - Processing file /opt/airflow/dags/sample_dag.py for tasks to queue
[2022-12-21T21:28:01.113+0000] {logging_mixin.py:137} INFO - [2022-12-21T21:28:01.113+0000] {dagbag.py:538} INFO - Filling up the DagBag from /opt/airflow/dags/sample_dag.py
[2022-12-21T21:28:01.131+0000] {processor.py:753} INFO - DAG(s) dict_keys(['first_sample_dag']) retrieved from /opt/airflow/dags/sample_dag.py
[2022-12-21T21:28:01.163+0000] {logging_mixin.py:137} INFO - [2022-12-21T21:28:01.163+0000] {dag.py:2676} INFO - Sync 1 DAGs
[2022-12-21T21:28:01.189+0000] {logging_mixin.py:137} INFO - [2022-12-21T21:28:01.188+0000] {dag.py:3427} INFO - Setting next_dagrun for first_sample_dag to None, run_after=None
[2022-12-21T21:28:01.205+0000] {processor.py:175} INFO - Processing /opt/airflow/dags/sample_dag.py took 0.098 seconds
[2022-12-21T21:28:31.340+0000] {processor.py:153} INFO - Started process (PID=407) to work on /opt/airflow/dags/sample_dag.py
[2022-12-21T21:28:31.342+0000] {processor.py:743} INFO - Processing file /opt/airflow/dags/sample_dag.py for tasks to queue
[2022-12-21T21:28:31.344+0000] {logging_mixin.py:137} INFO - [2022-12-21T21:28:31.343+0000] {dagbag.py:538} INFO - Filling up the DagBag from /opt/airflow/dags/sample_dag.py
[2022-12-21T21:28:31.368+0000] {processor.py:753} INFO - DAG(s) dict_keys(['first_sample_dag']) retrieved from /opt/airflow/dags/sample_dag.py
[2022-12-21T21:28:31.418+0000] {logging_mixin.py:137} INFO - [2022-12-21T21:28:31.418+0000] {dag.py:2676} INFO - Sync 1 DAGs
[2022-12-21T21:28:31.454+0000] {logging_mixin.py:137} INFO - [2022-12-21T21:28:31.454+0000] {dag.py:3427} INFO - Setting next_dagrun for first_sample_dag to None, run_after=None
[2022-12-21T21:28:31.480+0000] {processor.py:175} INFO - Processing /opt/airflow/dags/sample_dag.py took 0.144 seconds
[2022-12-21T21:29:01.569+0000] {processor.py:153} INFO - Started process (PID=412) to work on /opt/airflow/dags/sample_dag.py
[2022-12-21T21:29:01.570+0000] {processor.py:743} INFO - Processing file /opt/airflow/dags/sample_dag.py for tasks to queue
[2022-12-21T21:29:01.571+0000] {logging_mixin.py:137} INFO - [2022-12-21T21:29:01.571+0000] {dagbag.py:538} INFO - Filling up the DagBag from /opt/airflow/dags/sample_dag.py
[2022-12-21T21:29:01.590+0000] {processor.py:753} INFO - DAG(s) dict_keys(['first_sample_dag']) retrieved from /opt/airflow/dags/sample_dag.py
[2022-12-21T21:29:01.626+0000] {logging_mixin.py:137} INFO - [2022-12-21T21:29:01.626+0000] {dag.py:2676} INFO - Sync 1 DAGs
[2022-12-21T21:29:01.652+0000] {logging_mixin.py:137} INFO - [2022-12-21T21:29:01.652+0000] {dag.py:3427} INFO - Setting next_dagrun for first_sample_dag to None, run_after=None
[2022-12-21T21:29:01.669+0000] {processor.py:175} INFO - Processing /opt/airflow/dags/sample_dag.py took 0.105 seconds
[2022-12-21T21:29:31.878+0000] {processor.py:153} INFO - Started process (PID=417) to work on /opt/airflow/dags/sample_dag.py
[2022-12-21T21:29:31.879+0000] {processor.py:743} INFO - Processing file /opt/airflow/dags/sample_dag.py for tasks to queue
[2022-12-21T21:29:31.880+0000] {logging_mixin.py:137} INFO - [2022-12-21T21:29:31.880+0000] {dagbag.py:538} INFO - Filling up the DagBag from /opt/airflow/dags/sample_dag.py
[2022-12-21T21:29:31.898+0000] {processor.py:753} INFO - DAG(s) dict_keys(['first_sample_dag']) retrieved from /opt/airflow/dags/sample_dag.py
[2022-12-21T21:29:31.932+0000] {logging_mixin.py:137} INFO - [2022-12-21T21:29:31.932+0000] {dag.py:2676} INFO - Sync 1 DAGs
[2022-12-21T21:29:31.956+0000] {logging_mixin.py:137} INFO - [2022-12-21T21:29:31.955+0000] {dag.py:3427} INFO - Setting next_dagrun for first_sample_dag to None, run_after=None
[2022-12-21T21:29:31.972+0000] {processor.py:175} INFO - Processing /opt/airflow/dags/sample_dag.py took 0.097 seconds
[2022-12-21T21:30:02.089+0000] {processor.py:153} INFO - Started process (PID=422) to work on /opt/airflow/dags/sample_dag.py
[2022-12-21T21:30:02.090+0000] {processor.py:743} INFO - Processing file /opt/airflow/dags/sample_dag.py for tasks to queue
[2022-12-21T21:30:02.091+0000] {logging_mixin.py:137} INFO - [2022-12-21T21:30:02.091+0000] {dagbag.py:538} INFO - Filling up the DagBag from /opt/airflow/dags/sample_dag.py
[2022-12-21T21:30:02.110+0000] {processor.py:753} INFO - DAG(s) dict_keys(['first_sample_dag']) retrieved from /opt/airflow/dags/sample_dag.py
[2022-12-21T21:30:02.126+0000] {logging_mixin.py:137} INFO - [2022-12-21T21:30:02.125+0000] {dag.py:2676} INFO - Sync 1 DAGs
[2022-12-21T21:30:02.150+0000] {logging_mixin.py:137} INFO - [2022-12-21T21:30:02.150+0000] {dag.py:3427} INFO - Setting next_dagrun for first_sample_dag to None, run_after=None
[2022-12-21T21:30:02.166+0000] {processor.py:175} INFO - Processing /opt/airflow/dags/sample_dag.py took 0.103 seconds
[2022-12-21T21:30:32.235+0000] {processor.py:153} INFO - Started process (PID=427) to work on /opt/airflow/dags/sample_dag.py
[2022-12-21T21:30:32.236+0000] {processor.py:743} INFO - Processing file /opt/airflow/dags/sample_dag.py for tasks to queue
[2022-12-21T21:30:32.237+0000] {logging_mixin.py:137} INFO - [2022-12-21T21:30:32.237+0000] {dagbag.py:538} INFO - Filling up the DagBag from /opt/airflow/dags/sample_dag.py
[2022-12-21T21:30:32.256+0000] {processor.py:753} INFO - DAG(s) dict_keys(['first_sample_dag']) retrieved from /opt/airflow/dags/sample_dag.py
[2022-12-21T21:30:32.293+0000] {logging_mixin.py:137} INFO - [2022-12-21T21:30:32.293+0000] {dag.py:2676} INFO - Sync 1 DAGs
[2022-12-21T21:30:32.317+0000] {logging_mixin.py:137} INFO - [2022-12-21T21:30:32.317+0000] {dag.py:3427} INFO - Setting next_dagrun for first_sample_dag to None, run_after=None
[2022-12-21T21:30:32.335+0000] {processor.py:175} INFO - Processing /opt/airflow/dags/sample_dag.py took 0.103 seconds
[2022-12-21T21:31:02.522+0000] {processor.py:153} INFO - Started process (PID=432) to work on /opt/airflow/dags/sample_dag.py
[2022-12-21T21:31:02.523+0000] {processor.py:743} INFO - Processing file /opt/airflow/dags/sample_dag.py for tasks to queue
[2022-12-21T21:31:02.525+0000] {logging_mixin.py:137} INFO - [2022-12-21T21:31:02.524+0000] {dagbag.py:538} INFO - Filling up the DagBag from /opt/airflow/dags/sample_dag.py
[2022-12-21T21:31:02.546+0000] {processor.py:753} INFO - DAG(s) dict_keys(['first_sample_dag']) retrieved from /opt/airflow/dags/sample_dag.py
[2022-12-21T21:31:02.589+0000] {logging_mixin.py:137} INFO - [2022-12-21T21:31:02.588+0000] {dag.py:2676} INFO - Sync 1 DAGs
[2022-12-21T21:31:02.619+0000] {logging_mixin.py:137} INFO - [2022-12-21T21:31:02.619+0000] {dag.py:3427} INFO - Setting next_dagrun for first_sample_dag to None, run_after=None
[2022-12-21T21:31:02.640+0000] {processor.py:175} INFO - Processing /opt/airflow/dags/sample_dag.py took 0.122 seconds
[2022-12-21T21:31:32.717+0000] {processor.py:153} INFO - Started process (PID=437) to work on /opt/airflow/dags/sample_dag.py
[2022-12-21T21:31:32.718+0000] {processor.py:743} INFO - Processing file /opt/airflow/dags/sample_dag.py for tasks to queue
[2022-12-21T21:31:32.719+0000] {logging_mixin.py:137} INFO - [2022-12-21T21:31:32.719+0000] {dagbag.py:538} INFO - Filling up the DagBag from /opt/airflow/dags/sample_dag.py
[2022-12-21T21:31:32.736+0000] {processor.py:753} INFO - DAG(s) dict_keys(['first_sample_dag']) retrieved from /opt/airflow/dags/sample_dag.py
[2022-12-21T21:31:32.771+0000] {logging_mixin.py:137} INFO - [2022-12-21T21:31:32.771+0000] {dag.py:2676} INFO - Sync 1 DAGs
[2022-12-21T21:31:32.800+0000] {logging_mixin.py:137} INFO - [2022-12-21T21:31:32.800+0000] {dag.py:3427} INFO - Setting next_dagrun for first_sample_dag to None, run_after=None
[2022-12-21T21:31:32.817+0000] {processor.py:175} INFO - Processing /opt/airflow/dags/sample_dag.py took 0.104 seconds
[2022-12-21T21:32:02.944+0000] {processor.py:153} INFO - Started process (PID=442) to work on /opt/airflow/dags/sample_dag.py
[2022-12-21T21:32:02.946+0000] {processor.py:743} INFO - Processing file /opt/airflow/dags/sample_dag.py for tasks to queue
[2022-12-21T21:32:02.947+0000] {logging_mixin.py:137} INFO - [2022-12-21T21:32:02.947+0000] {dagbag.py:538} INFO - Filling up the DagBag from /opt/airflow/dags/sample_dag.py
[2022-12-21T21:32:02.966+0000] {processor.py:753} INFO - DAG(s) dict_keys(['first_sample_dag']) retrieved from /opt/airflow/dags/sample_dag.py
[2022-12-21T21:32:03.003+0000] {logging_mixin.py:137} INFO - [2022-12-21T21:32:03.003+0000] {dag.py:2676} INFO - Sync 1 DAGs
[2022-12-21T21:32:03.032+0000] {logging_mixin.py:137} INFO - [2022-12-21T21:32:03.032+0000] {dag.py:3427} INFO - Setting next_dagrun for first_sample_dag to None, run_after=None
[2022-12-21T21:32:03.049+0000] {processor.py:175} INFO - Processing /opt/airflow/dags/sample_dag.py took 0.110 seconds
[2022-12-21T21:32:33.212+0000] {processor.py:153} INFO - Started process (PID=447) to work on /opt/airflow/dags/sample_dag.py
[2022-12-21T21:32:33.213+0000] {processor.py:743} INFO - Processing file /opt/airflow/dags/sample_dag.py for tasks to queue
[2022-12-21T21:32:33.214+0000] {logging_mixin.py:137} INFO - [2022-12-21T21:32:33.214+0000] {dagbag.py:538} INFO - Filling up the DagBag from /opt/airflow/dags/sample_dag.py
[2022-12-21T21:32:33.232+0000] {processor.py:753} INFO - DAG(s) dict_keys(['first_sample_dag']) retrieved from /opt/airflow/dags/sample_dag.py
[2022-12-21T21:32:33.266+0000] {logging_mixin.py:137} INFO - [2022-12-21T21:32:33.265+0000] {dag.py:2676} INFO - Sync 1 DAGs
[2022-12-21T21:32:33.289+0000] {logging_mixin.py:137} INFO - [2022-12-21T21:32:33.289+0000] {dag.py:3427} INFO - Setting next_dagrun for first_sample_dag to None, run_after=None
[2022-12-21T21:32:33.305+0000] {processor.py:175} INFO - Processing /opt/airflow/dags/sample_dag.py took 0.098 seconds
[2022-12-21T21:33:03.458+0000] {processor.py:153} INFO - Started process (PID=452) to work on /opt/airflow/dags/sample_dag.py
[2022-12-21T21:33:03.459+0000] {processor.py:743} INFO - Processing file /opt/airflow/dags/sample_dag.py for tasks to queue
[2022-12-21T21:33:03.461+0000] {logging_mixin.py:137} INFO - [2022-12-21T21:33:03.461+0000] {dagbag.py:538} INFO - Filling up the DagBag from /opt/airflow/dags/sample_dag.py
[2022-12-21T21:33:03.479+0000] {processor.py:753} INFO - DAG(s) dict_keys(['first_sample_dag']) retrieved from /opt/airflow/dags/sample_dag.py
[2022-12-21T21:33:03.513+0000] {logging_mixin.py:137} INFO - [2022-12-21T21:33:03.513+0000] {dag.py:2676} INFO - Sync 1 DAGs
[2022-12-21T21:33:03.537+0000] {logging_mixin.py:137} INFO - [2022-12-21T21:33:03.537+0000] {dag.py:3427} INFO - Setting next_dagrun for first_sample_dag to None, run_after=None
[2022-12-21T21:33:03.553+0000] {processor.py:175} INFO - Processing /opt/airflow/dags/sample_dag.py took 0.099 seconds
[2022-12-21T21:33:33.703+0000] {processor.py:153} INFO - Started process (PID=457) to work on /opt/airflow/dags/sample_dag.py
[2022-12-21T21:33:33.704+0000] {processor.py:743} INFO - Processing file /opt/airflow/dags/sample_dag.py for tasks to queue
[2022-12-21T21:33:33.705+0000] {logging_mixin.py:137} INFO - [2022-12-21T21:33:33.705+0000] {dagbag.py:538} INFO - Filling up the DagBag from /opt/airflow/dags/sample_dag.py
[2022-12-21T21:33:33.724+0000] {processor.py:753} INFO - DAG(s) dict_keys(['first_sample_dag']) retrieved from /opt/airflow/dags/sample_dag.py
[2022-12-21T21:33:33.758+0000] {logging_mixin.py:137} INFO - [2022-12-21T21:33:33.757+0000] {dag.py:2676} INFO - Sync 1 DAGs
[2022-12-21T21:33:33.781+0000] {logging_mixin.py:137} INFO - [2022-12-21T21:33:33.781+0000] {dag.py:3427} INFO - Setting next_dagrun for first_sample_dag to None, run_after=None
[2022-12-21T21:33:33.799+0000] {processor.py:175} INFO - Processing /opt/airflow/dags/sample_dag.py took 0.100 seconds
[2022-12-21T21:34:03.933+0000] {processor.py:153} INFO - Started process (PID=462) to work on /opt/airflow/dags/sample_dag.py
[2022-12-21T21:34:03.934+0000] {processor.py:743} INFO - Processing file /opt/airflow/dags/sample_dag.py for tasks to queue
[2022-12-21T21:34:03.935+0000] {logging_mixin.py:137} INFO - [2022-12-21T21:34:03.935+0000] {dagbag.py:538} INFO - Filling up the DagBag from /opt/airflow/dags/sample_dag.py
[2022-12-21T21:34:03.954+0000] {processor.py:753} INFO - DAG(s) dict_keys(['first_sample_dag']) retrieved from /opt/airflow/dags/sample_dag.py
[2022-12-21T21:34:03.989+0000] {logging_mixin.py:137} INFO - [2022-12-21T21:34:03.989+0000] {dag.py:2676} INFO - Sync 1 DAGs
[2022-12-21T21:34:04.013+0000] {logging_mixin.py:137} INFO - [2022-12-21T21:34:04.013+0000] {dag.py:3427} INFO - Setting next_dagrun for first_sample_dag to None, run_after=None
[2022-12-21T21:34:04.030+0000] {processor.py:175} INFO - Processing /opt/airflow/dags/sample_dag.py took 0.101 seconds
[2022-12-21T21:34:34.204+0000] {processor.py:153} INFO - Started process (PID=467) to work on /opt/airflow/dags/sample_dag.py
[2022-12-21T21:34:34.205+0000] {processor.py:743} INFO - Processing file /opt/airflow/dags/sample_dag.py for tasks to queue
[2022-12-21T21:34:34.207+0000] {logging_mixin.py:137} INFO - [2022-12-21T21:34:34.207+0000] {dagbag.py:538} INFO - Filling up the DagBag from /opt/airflow/dags/sample_dag.py
[2022-12-21T21:34:34.226+0000] {processor.py:753} INFO - DAG(s) dict_keys(['first_sample_dag']) retrieved from /opt/airflow/dags/sample_dag.py
[2022-12-21T21:34:34.259+0000] {logging_mixin.py:137} INFO - [2022-12-21T21:34:34.259+0000] {dag.py:2676} INFO - Sync 1 DAGs
[2022-12-21T21:34:34.284+0000] {logging_mixin.py:137} INFO - [2022-12-21T21:34:34.284+0000] {dag.py:3427} INFO - Setting next_dagrun for first_sample_dag to None, run_after=None
[2022-12-21T21:34:34.300+0000] {processor.py:175} INFO - Processing /opt/airflow/dags/sample_dag.py took 0.100 seconds
[2022-12-21T21:35:04.438+0000] {processor.py:153} INFO - Started process (PID=472) to work on /opt/airflow/dags/sample_dag.py
[2022-12-21T21:35:04.439+0000] {processor.py:743} INFO - Processing file /opt/airflow/dags/sample_dag.py for tasks to queue
[2022-12-21T21:35:04.440+0000] {logging_mixin.py:137} INFO - [2022-12-21T21:35:04.440+0000] {dagbag.py:538} INFO - Filling up the DagBag from /opt/airflow/dags/sample_dag.py
[2022-12-21T21:35:04.458+0000] {processor.py:753} INFO - DAG(s) dict_keys(['first_sample_dag']) retrieved from /opt/airflow/dags/sample_dag.py
[2022-12-21T21:35:04.492+0000] {logging_mixin.py:137} INFO - [2022-12-21T21:35:04.492+0000] {dag.py:2676} INFO - Sync 1 DAGs
[2022-12-21T21:35:04.517+0000] {logging_mixin.py:137} INFO - [2022-12-21T21:35:04.517+0000] {dag.py:3427} INFO - Setting next_dagrun for first_sample_dag to None, run_after=None
[2022-12-21T21:35:04.534+0000] {processor.py:175} INFO - Processing /opt/airflow/dags/sample_dag.py took 0.101 seconds
[2022-12-21T21:35:34.738+0000] {processor.py:153} INFO - Started process (PID=477) to work on /opt/airflow/dags/sample_dag.py
[2022-12-21T21:35:34.740+0000] {processor.py:743} INFO - Processing file /opt/airflow/dags/sample_dag.py for tasks to queue
[2022-12-21T21:35:34.741+0000] {logging_mixin.py:137} INFO - [2022-12-21T21:35:34.741+0000] {dagbag.py:538} INFO - Filling up the DagBag from /opt/airflow/dags/sample_dag.py
[2022-12-21T21:35:34.760+0000] {processor.py:753} INFO - DAG(s) dict_keys(['first_sample_dag']) retrieved from /opt/airflow/dags/sample_dag.py
[2022-12-21T21:35:34.795+0000] {logging_mixin.py:137} INFO - [2022-12-21T21:35:34.795+0000] {dag.py:2676} INFO - Sync 1 DAGs
[2022-12-21T21:35:34.820+0000] {logging_mixin.py:137} INFO - [2022-12-21T21:35:34.820+0000] {dag.py:3427} INFO - Setting next_dagrun for first_sample_dag to None, run_after=None
[2022-12-21T21:35:34.836+0000] {processor.py:175} INFO - Processing /opt/airflow/dags/sample_dag.py took 0.102 seconds
[2022-12-21T21:36:04.940+0000] {processor.py:153} INFO - Started process (PID=482) to work on /opt/airflow/dags/sample_dag.py
[2022-12-21T21:36:04.941+0000] {processor.py:743} INFO - Processing file /opt/airflow/dags/sample_dag.py for tasks to queue
[2022-12-21T21:36:04.943+0000] {logging_mixin.py:137} INFO - [2022-12-21T21:36:04.943+0000] {dagbag.py:538} INFO - Filling up the DagBag from /opt/airflow/dags/sample_dag.py
[2022-12-21T21:36:04.963+0000] {processor.py:753} INFO - DAG(s) dict_keys(['first_sample_dag']) retrieved from /opt/airflow/dags/sample_dag.py
[2022-12-21T21:36:05.000+0000] {logging_mixin.py:137} INFO - [2022-12-21T21:36:05.000+0000] {dag.py:2676} INFO - Sync 1 DAGs
[2022-12-21T21:36:05.026+0000] {logging_mixin.py:137} INFO - [2022-12-21T21:36:05.026+0000] {dag.py:3427} INFO - Setting next_dagrun for first_sample_dag to None, run_after=None
[2022-12-21T21:36:05.045+0000] {processor.py:175} INFO - Processing /opt/airflow/dags/sample_dag.py took 0.109 seconds
[2022-12-21T21:36:35.158+0000] {processor.py:153} INFO - Started process (PID=487) to work on /opt/airflow/dags/sample_dag.py
[2022-12-21T21:36:35.160+0000] {processor.py:743} INFO - Processing file /opt/airflow/dags/sample_dag.py for tasks to queue
[2022-12-21T21:36:35.161+0000] {logging_mixin.py:137} INFO - [2022-12-21T21:36:35.161+0000] {dagbag.py:538} INFO - Filling up the DagBag from /opt/airflow/dags/sample_dag.py
[2022-12-21T21:36:35.182+0000] {processor.py:753} INFO - DAG(s) dict_keys(['first_sample_dag']) retrieved from /opt/airflow/dags/sample_dag.py
[2022-12-21T21:36:35.219+0000] {logging_mixin.py:137} INFO - [2022-12-21T21:36:35.218+0000] {dag.py:2676} INFO - Sync 1 DAGs
[2022-12-21T21:36:35.242+0000] {logging_mixin.py:137} INFO - [2022-12-21T21:36:35.242+0000] {dag.py:3427} INFO - Setting next_dagrun for first_sample_dag to None, run_after=None
[2022-12-21T21:36:35.262+0000] {processor.py:175} INFO - Processing /opt/airflow/dags/sample_dag.py took 0.108 seconds
[2022-12-21T21:37:05.471+0000] {processor.py:153} INFO - Started process (PID=492) to work on /opt/airflow/dags/sample_dag.py
[2022-12-21T21:37:05.472+0000] {processor.py:743} INFO - Processing file /opt/airflow/dags/sample_dag.py for tasks to queue
[2022-12-21T21:37:05.473+0000] {logging_mixin.py:137} INFO - [2022-12-21T21:37:05.473+0000] {dagbag.py:538} INFO - Filling up the DagBag from /opt/airflow/dags/sample_dag.py
[2022-12-21T21:37:05.491+0000] {processor.py:753} INFO - DAG(s) dict_keys(['first_sample_dag']) retrieved from /opt/airflow/dags/sample_dag.py
[2022-12-21T21:37:05.525+0000] {logging_mixin.py:137} INFO - [2022-12-21T21:37:05.525+0000] {dag.py:2676} INFO - Sync 1 DAGs
[2022-12-21T21:37:05.552+0000] {logging_mixin.py:137} INFO - [2022-12-21T21:37:05.552+0000] {dag.py:3427} INFO - Setting next_dagrun for first_sample_dag to None, run_after=None
[2022-12-21T21:37:05.572+0000] {processor.py:175} INFO - Processing /opt/airflow/dags/sample_dag.py took 0.104 seconds
[2022-12-21T21:37:35.694+0000] {processor.py:153} INFO - Started process (PID=497) to work on /opt/airflow/dags/sample_dag.py
[2022-12-21T21:37:35.695+0000] {processor.py:743} INFO - Processing file /opt/airflow/dags/sample_dag.py for tasks to queue
[2022-12-21T21:37:35.696+0000] {logging_mixin.py:137} INFO - [2022-12-21T21:37:35.696+0000] {dagbag.py:538} INFO - Filling up the DagBag from /opt/airflow/dags/sample_dag.py
[2022-12-21T21:37:35.715+0000] {processor.py:753} INFO - DAG(s) dict_keys(['first_sample_dag']) retrieved from /opt/airflow/dags/sample_dag.py
[2022-12-21T21:37:35.750+0000] {logging_mixin.py:137} INFO - [2022-12-21T21:37:35.749+0000] {dag.py:2676} INFO - Sync 1 DAGs
[2022-12-21T21:37:35.774+0000] {logging_mixin.py:137} INFO - [2022-12-21T21:37:35.774+0000] {dag.py:3427} INFO - Setting next_dagrun for first_sample_dag to None, run_after=None
[2022-12-21T21:37:35.791+0000] {processor.py:175} INFO - Processing /opt/airflow/dags/sample_dag.py took 0.101 seconds
[2022-12-21T21:38:05.984+0000] {processor.py:153} INFO - Started process (PID=502) to work on /opt/airflow/dags/sample_dag.py
[2022-12-21T21:38:05.986+0000] {processor.py:743} INFO - Processing file /opt/airflow/dags/sample_dag.py for tasks to queue
[2022-12-21T21:38:05.988+0000] {logging_mixin.py:137} INFO - [2022-12-21T21:38:05.987+0000] {dagbag.py:538} INFO - Filling up the DagBag from /opt/airflow/dags/sample_dag.py
[2022-12-21T21:38:06.007+0000] {processor.py:753} INFO - DAG(s) dict_keys(['first_sample_dag']) retrieved from /opt/airflow/dags/sample_dag.py
[2022-12-21T21:38:06.042+0000] {logging_mixin.py:137} INFO - [2022-12-21T21:38:06.042+0000] {dag.py:2676} INFO - Sync 1 DAGs
[2022-12-21T21:38:06.067+0000] {logging_mixin.py:137} INFO - [2022-12-21T21:38:06.067+0000] {dag.py:3427} INFO - Setting next_dagrun for first_sample_dag to None, run_after=None
[2022-12-21T21:38:06.083+0000] {processor.py:175} INFO - Processing /opt/airflow/dags/sample_dag.py took 0.103 seconds
[2022-12-21T21:38:36.248+0000] {processor.py:153} INFO - Started process (PID=507) to work on /opt/airflow/dags/sample_dag.py
[2022-12-21T21:38:36.249+0000] {processor.py:743} INFO - Processing file /opt/airflow/dags/sample_dag.py for tasks to queue
[2022-12-21T21:38:36.250+0000] {logging_mixin.py:137} INFO - [2022-12-21T21:38:36.250+0000] {dagbag.py:538} INFO - Filling up the DagBag from /opt/airflow/dags/sample_dag.py
[2022-12-21T21:38:36.268+0000] {processor.py:753} INFO - DAG(s) dict_keys(['first_sample_dag']) retrieved from /opt/airflow/dags/sample_dag.py
[2022-12-21T21:38:36.301+0000] {logging_mixin.py:137} INFO - [2022-12-21T21:38:36.301+0000] {dag.py:2676} INFO - Sync 1 DAGs
[2022-12-21T21:38:36.326+0000] {logging_mixin.py:137} INFO - [2022-12-21T21:38:36.326+0000] {dag.py:3427} INFO - Setting next_dagrun for first_sample_dag to None, run_after=None
[2022-12-21T21:38:36.343+0000] {processor.py:175} INFO - Processing /opt/airflow/dags/sample_dag.py took 0.100 seconds
[2022-12-21T21:39:06.518+0000] {processor.py:153} INFO - Started process (PID=512) to work on /opt/airflow/dags/sample_dag.py
[2022-12-21T21:39:06.519+0000] {processor.py:743} INFO - Processing file /opt/airflow/dags/sample_dag.py for tasks to queue
[2022-12-21T21:39:06.520+0000] {logging_mixin.py:137} INFO - [2022-12-21T21:39:06.520+0000] {dagbag.py:538} INFO - Filling up the DagBag from /opt/airflow/dags/sample_dag.py
[2022-12-21T21:39:06.539+0000] {processor.py:753} INFO - DAG(s) dict_keys(['first_sample_dag']) retrieved from /opt/airflow/dags/sample_dag.py
[2022-12-21T21:39:06.573+0000] {logging_mixin.py:137} INFO - [2022-12-21T21:39:06.572+0000] {dag.py:2676} INFO - Sync 1 DAGs
[2022-12-21T21:39:06.597+0000] {logging_mixin.py:137} INFO - [2022-12-21T21:39:06.597+0000] {dag.py:3427} INFO - Setting next_dagrun for first_sample_dag to None, run_after=None
[2022-12-21T21:39:06.614+0000] {processor.py:175} INFO - Processing /opt/airflow/dags/sample_dag.py took 0.100 seconds
[2022-12-21T21:39:36.768+0000] {processor.py:153} INFO - Started process (PID=517) to work on /opt/airflow/dags/sample_dag.py
[2022-12-21T21:39:36.769+0000] {processor.py:743} INFO - Processing file /opt/airflow/dags/sample_dag.py for tasks to queue
[2022-12-21T21:39:36.770+0000] {logging_mixin.py:137} INFO - [2022-12-21T21:39:36.770+0000] {dagbag.py:538} INFO - Filling up the DagBag from /opt/airflow/dags/sample_dag.py
[2022-12-21T21:39:36.789+0000] {processor.py:753} INFO - DAG(s) dict_keys(['first_sample_dag']) retrieved from /opt/airflow/dags/sample_dag.py
[2022-12-21T21:39:36.823+0000] {logging_mixin.py:137} INFO - [2022-12-21T21:39:36.823+0000] {dag.py:2676} INFO - Sync 1 DAGs
[2022-12-21T21:39:36.847+0000] {logging_mixin.py:137} INFO - [2022-12-21T21:39:36.846+0000] {dag.py:3427} INFO - Setting next_dagrun for first_sample_dag to None, run_after=None
[2022-12-21T21:39:36.863+0000] {processor.py:175} INFO - Processing /opt/airflow/dags/sample_dag.py took 0.099 seconds
[2022-12-21T21:40:07.011+0000] {processor.py:153} INFO - Started process (PID=522) to work on /opt/airflow/dags/sample_dag.py
[2022-12-21T21:40:07.012+0000] {processor.py:743} INFO - Processing file /opt/airflow/dags/sample_dag.py for tasks to queue
[2022-12-21T21:40:07.013+0000] {logging_mixin.py:137} INFO - [2022-12-21T21:40:07.013+0000] {dagbag.py:538} INFO - Filling up the DagBag from /opt/airflow/dags/sample_dag.py
[2022-12-21T21:40:07.032+0000] {processor.py:753} INFO - DAG(s) dict_keys(['first_sample_dag']) retrieved from /opt/airflow/dags/sample_dag.py
[2022-12-21T21:40:07.066+0000] {logging_mixin.py:137} INFO - [2022-12-21T21:40:07.066+0000] {dag.py:2676} INFO - Sync 1 DAGs
[2022-12-21T21:40:07.091+0000] {logging_mixin.py:137} INFO - [2022-12-21T21:40:07.091+0000] {dag.py:3427} INFO - Setting next_dagrun for first_sample_dag to None, run_after=None
[2022-12-21T21:40:07.111+0000] {processor.py:175} INFO - Processing /opt/airflow/dags/sample_dag.py took 0.103 seconds
[2022-12-21T21:40:37.253+0000] {processor.py:153} INFO - Started process (PID=527) to work on /opt/airflow/dags/sample_dag.py
[2022-12-21T21:40:37.254+0000] {processor.py:743} INFO - Processing file /opt/airflow/dags/sample_dag.py for tasks to queue
[2022-12-21T21:40:37.255+0000] {logging_mixin.py:137} INFO - [2022-12-21T21:40:37.255+0000] {dagbag.py:538} INFO - Filling up the DagBag from /opt/airflow/dags/sample_dag.py
[2022-12-21T21:40:37.271+0000] {processor.py:753} INFO - DAG(s) dict_keys(['first_sample_dag']) retrieved from /opt/airflow/dags/sample_dag.py
[2022-12-21T21:40:37.305+0000] {logging_mixin.py:137} INFO - [2022-12-21T21:40:37.305+0000] {dag.py:2676} INFO - Sync 1 DAGs
[2022-12-21T21:40:37.329+0000] {logging_mixin.py:137} INFO - [2022-12-21T21:40:37.329+0000] {dag.py:3427} INFO - Setting next_dagrun for first_sample_dag to None, run_after=None
[2022-12-21T21:40:37.347+0000] {processor.py:175} INFO - Processing /opt/airflow/dags/sample_dag.py took 0.097 seconds
[2022-12-21T21:41:07.430+0000] {processor.py:153} INFO - Started process (PID=532) to work on /opt/airflow/dags/sample_dag.py
[2022-12-21T21:41:07.432+0000] {processor.py:743} INFO - Processing file /opt/airflow/dags/sample_dag.py for tasks to queue
[2022-12-21T21:41:07.433+0000] {logging_mixin.py:137} INFO - [2022-12-21T21:41:07.433+0000] {dagbag.py:538} INFO - Filling up the DagBag from /opt/airflow/dags/sample_dag.py
[2022-12-21T21:41:07.452+0000] {processor.py:753} INFO - DAG(s) dict_keys(['first_sample_dag']) retrieved from /opt/airflow/dags/sample_dag.py
[2022-12-21T21:41:07.487+0000] {logging_mixin.py:137} INFO - [2022-12-21T21:41:07.487+0000] {dag.py:2676} INFO - Sync 1 DAGs
[2022-12-21T21:41:07.514+0000] {logging_mixin.py:137} INFO - [2022-12-21T21:41:07.514+0000] {dag.py:3427} INFO - Setting next_dagrun for first_sample_dag to None, run_after=None
[2022-12-21T21:41:07.531+0000] {processor.py:175} INFO - Processing /opt/airflow/dags/sample_dag.py took 0.105 seconds
[2022-12-21T21:41:37.714+0000] {processor.py:153} INFO - Started process (PID=537) to work on /opt/airflow/dags/sample_dag.py
[2022-12-21T21:41:37.716+0000] {processor.py:743} INFO - Processing file /opt/airflow/dags/sample_dag.py for tasks to queue
[2022-12-21T21:41:37.717+0000] {logging_mixin.py:137} INFO - [2022-12-21T21:41:37.717+0000] {dagbag.py:538} INFO - Filling up the DagBag from /opt/airflow/dags/sample_dag.py
[2022-12-21T21:41:37.738+0000] {processor.py:753} INFO - DAG(s) dict_keys(['first_sample_dag']) retrieved from /opt/airflow/dags/sample_dag.py
[2022-12-21T21:41:37.783+0000] {logging_mixin.py:137} INFO - [2022-12-21T21:41:37.782+0000] {dag.py:2676} INFO - Sync 1 DAGs
[2022-12-21T21:41:37.820+0000] {logging_mixin.py:137} INFO - [2022-12-21T21:41:37.820+0000] {dag.py:3427} INFO - Setting next_dagrun for first_sample_dag to None, run_after=None
[2022-12-21T21:41:37.846+0000] {processor.py:175} INFO - Processing /opt/airflow/dags/sample_dag.py took 0.136 seconds
[2022-12-21T21:42:07.919+0000] {processor.py:153} INFO - Started process (PID=542) to work on /opt/airflow/dags/sample_dag.py
[2022-12-21T21:42:07.921+0000] {processor.py:743} INFO - Processing file /opt/airflow/dags/sample_dag.py for tasks to queue
[2022-12-21T21:42:07.922+0000] {logging_mixin.py:137} INFO - [2022-12-21T21:42:07.922+0000] {dagbag.py:538} INFO - Filling up the DagBag from /opt/airflow/dags/sample_dag.py
[2022-12-21T21:42:07.943+0000] {processor.py:753} INFO - DAG(s) dict_keys(['first_sample_dag']) retrieved from /opt/airflow/dags/sample_dag.py
[2022-12-21T21:42:07.981+0000] {logging_mixin.py:137} INFO - [2022-12-21T21:42:07.981+0000] {dag.py:2676} INFO - Sync 1 DAGs
[2022-12-21T21:42:08.007+0000] {logging_mixin.py:137} INFO - [2022-12-21T21:42:08.007+0000] {dag.py:3427} INFO - Setting next_dagrun for first_sample_dag to None, run_after=None
[2022-12-21T21:42:08.024+0000] {processor.py:175} INFO - Processing /opt/airflow/dags/sample_dag.py took 0.109 seconds
[2022-12-21T21:42:38.206+0000] {processor.py:153} INFO - Started process (PID=547) to work on /opt/airflow/dags/sample_dag.py
[2022-12-21T21:42:38.207+0000] {processor.py:743} INFO - Processing file /opt/airflow/dags/sample_dag.py for tasks to queue
[2022-12-21T21:42:38.209+0000] {logging_mixin.py:137} INFO - [2022-12-21T21:42:38.208+0000] {dagbag.py:538} INFO - Filling up the DagBag from /opt/airflow/dags/sample_dag.py
[2022-12-21T21:42:38.227+0000] {processor.py:753} INFO - DAG(s) dict_keys(['first_sample_dag']) retrieved from /opt/airflow/dags/sample_dag.py
[2022-12-21T21:42:38.262+0000] {logging_mixin.py:137} INFO - [2022-12-21T21:42:38.262+0000] {dag.py:2676} INFO - Sync 1 DAGs
[2022-12-21T21:42:38.288+0000] {logging_mixin.py:137} INFO - [2022-12-21T21:42:38.288+0000] {dag.py:3427} INFO - Setting next_dagrun for first_sample_dag to None, run_after=None
[2022-12-21T21:42:38.306+0000] {processor.py:175} INFO - Processing /opt/airflow/dags/sample_dag.py took 0.103 seconds
[2022-12-21T21:43:08.397+0000] {processor.py:153} INFO - Started process (PID=552) to work on /opt/airflow/dags/sample_dag.py
[2022-12-21T21:43:08.398+0000] {processor.py:743} INFO - Processing file /opt/airflow/dags/sample_dag.py for tasks to queue
[2022-12-21T21:43:08.399+0000] {logging_mixin.py:137} INFO - [2022-12-21T21:43:08.399+0000] {dagbag.py:538} INFO - Filling up the DagBag from /opt/airflow/dags/sample_dag.py
[2022-12-21T21:43:08.421+0000] {processor.py:753} INFO - DAG(s) dict_keys(['first_sample_dag']) retrieved from /opt/airflow/dags/sample_dag.py
[2022-12-21T21:43:08.465+0000] {logging_mixin.py:137} INFO - [2022-12-21T21:43:08.465+0000] {dag.py:2676} INFO - Sync 1 DAGs
[2022-12-21T21:43:08.494+0000] {logging_mixin.py:137} INFO - [2022-12-21T21:43:08.494+0000] {dag.py:3427} INFO - Setting next_dagrun for first_sample_dag to None, run_after=None
[2022-12-21T21:43:08.516+0000] {processor.py:175} INFO - Processing /opt/airflow/dags/sample_dag.py took 0.124 seconds
[2022-12-21T21:43:38.678+0000] {processor.py:153} INFO - Started process (PID=557) to work on /opt/airflow/dags/sample_dag.py
[2022-12-21T21:43:38.679+0000] {processor.py:743} INFO - Processing file /opt/airflow/dags/sample_dag.py for tasks to queue
[2022-12-21T21:43:38.680+0000] {logging_mixin.py:137} INFO - [2022-12-21T21:43:38.680+0000] {dagbag.py:538} INFO - Filling up the DagBag from /opt/airflow/dags/sample_dag.py
[2022-12-21T21:43:38.699+0000] {processor.py:753} INFO - DAG(s) dict_keys(['first_sample_dag']) retrieved from /opt/airflow/dags/sample_dag.py
[2022-12-21T21:43:38.734+0000] {logging_mixin.py:137} INFO - [2022-12-21T21:43:38.734+0000] {dag.py:2676} INFO - Sync 1 DAGs
[2022-12-21T21:43:38.759+0000] {logging_mixin.py:137} INFO - [2022-12-21T21:43:38.759+0000] {dag.py:3427} INFO - Setting next_dagrun for first_sample_dag to None, run_after=None
[2022-12-21T21:43:38.777+0000] {processor.py:175} INFO - Processing /opt/airflow/dags/sample_dag.py took 0.103 seconds
[2022-12-21T21:44:08.872+0000] {processor.py:153} INFO - Started process (PID=562) to work on /opt/airflow/dags/sample_dag.py
[2022-12-21T21:44:08.873+0000] {processor.py:743} INFO - Processing file /opt/airflow/dags/sample_dag.py for tasks to queue
[2022-12-21T21:44:08.874+0000] {logging_mixin.py:137} INFO - [2022-12-21T21:44:08.874+0000] {dagbag.py:538} INFO - Filling up the DagBag from /opt/airflow/dags/sample_dag.py
[2022-12-21T21:44:08.894+0000] {processor.py:753} INFO - DAG(s) dict_keys(['first_sample_dag']) retrieved from /opt/airflow/dags/sample_dag.py
[2022-12-21T21:44:08.929+0000] {logging_mixin.py:137} INFO - [2022-12-21T21:44:08.929+0000] {dag.py:2676} INFO - Sync 1 DAGs
[2022-12-21T21:44:08.954+0000] {logging_mixin.py:137} INFO - [2022-12-21T21:44:08.954+0000] {dag.py:3427} INFO - Setting next_dagrun for first_sample_dag to None, run_after=None
[2022-12-21T21:44:08.972+0000] {processor.py:175} INFO - Processing /opt/airflow/dags/sample_dag.py took 0.104 seconds
[2022-12-21T21:44:39.116+0000] {processor.py:153} INFO - Started process (PID=567) to work on /opt/airflow/dags/sample_dag.py
[2022-12-21T21:44:39.117+0000] {processor.py:743} INFO - Processing file /opt/airflow/dags/sample_dag.py for tasks to queue
[2022-12-21T21:44:39.119+0000] {logging_mixin.py:137} INFO - [2022-12-21T21:44:39.118+0000] {dagbag.py:538} INFO - Filling up the DagBag from /opt/airflow/dags/sample_dag.py
[2022-12-21T21:44:39.137+0000] {processor.py:753} INFO - DAG(s) dict_keys(['first_sample_dag']) retrieved from /opt/airflow/dags/sample_dag.py
[2022-12-21T21:44:39.171+0000] {logging_mixin.py:137} INFO - [2022-12-21T21:44:39.171+0000] {dag.py:2676} INFO - Sync 1 DAGs
[2022-12-21T21:44:39.197+0000] {logging_mixin.py:137} INFO - [2022-12-21T21:44:39.197+0000] {dag.py:3427} INFO - Setting next_dagrun for first_sample_dag to None, run_after=None
[2022-12-21T21:44:39.213+0000] {processor.py:175} INFO - Processing /opt/airflow/dags/sample_dag.py took 0.102 seconds
[2022-12-21T21:45:01.371+0000] {processor.py:153} INFO - Started process (PID=572) to work on /opt/airflow/dags/sample_dag.py
[2022-12-21T21:45:01.373+0000] {processor.py:743} INFO - Processing file /opt/airflow/dags/sample_dag.py for tasks to queue
[2022-12-21T21:45:01.376+0000] {logging_mixin.py:137} INFO - [2022-12-21T21:45:01.375+0000] {dagbag.py:538} INFO - Filling up the DagBag from /opt/airflow/dags/sample_dag.py
[2022-12-21T21:45:01.417+0000] {processor.py:753} INFO - DAG(s) dict_keys(['my_dag_id']) retrieved from /opt/airflow/dags/sample_dag.py
[2022-12-21T21:45:01.581+0000] {logging_mixin.py:137} INFO - [2022-12-21T21:45:01.581+0000] {manager.py:504} INFO - Created Permission View: can edit on DAG:my_dag_id
[2022-12-21T21:45:01.595+0000] {logging_mixin.py:137} INFO - [2022-12-21T21:45:01.595+0000] {manager.py:504} INFO - Created Permission View: can delete on DAG:my_dag_id
[2022-12-21T21:45:01.604+0000] {logging_mixin.py:137} INFO - [2022-12-21T21:45:01.604+0000] {manager.py:504} INFO - Created Permission View: can read on DAG:my_dag_id
[2022-12-21T21:45:01.606+0000] {logging_mixin.py:137} INFO - [2022-12-21T21:45:01.605+0000] {dag.py:2676} INFO - Sync 1 DAGs
[2022-12-21T21:45:01.625+0000] {logging_mixin.py:137} INFO - [2022-12-21T21:45:01.625+0000] {dag.py:2697} INFO - Creating ORM DAG for my_dag_id
[2022-12-21T21:45:01.641+0000] {logging_mixin.py:137} INFO - [2022-12-21T21:45:01.641+0000] {dag.py:3427} INFO - Setting next_dagrun for my_dag_id to 2022-12-21T20:45:01.640754+00:00, run_after=2022-12-21T21:45:01.640754+00:00
[2022-12-21T21:45:01.663+0000] {processor.py:175} INFO - Processing /opt/airflow/dags/sample_dag.py took 0.319 seconds
[2022-12-21T21:45:31.848+0000] {processor.py:153} INFO - Started process (PID=577) to work on /opt/airflow/dags/sample_dag.py
[2022-12-21T21:45:31.850+0000] {processor.py:743} INFO - Processing file /opt/airflow/dags/sample_dag.py for tasks to queue
[2022-12-21T21:45:31.851+0000] {logging_mixin.py:137} INFO - [2022-12-21T21:45:31.851+0000] {dagbag.py:538} INFO - Filling up the DagBag from /opt/airflow/dags/sample_dag.py
[2022-12-21T21:45:31.873+0000] {processor.py:753} INFO - DAG(s) dict_keys(['my_dag_id']) retrieved from /opt/airflow/dags/sample_dag.py
[2022-12-21T21:45:31.918+0000] {logging_mixin.py:137} INFO - [2022-12-21T21:45:31.917+0000] {dag.py:2676} INFO - Sync 1 DAGs
[2022-12-21T21:45:31.946+0000] {logging_mixin.py:137} INFO - [2022-12-21T21:45:31.946+0000] {dag.py:3427} INFO - Setting next_dagrun for my_dag_id to 2022-12-21T20:45:31.945859+00:00, run_after=2022-12-21T21:45:31.945859+00:00
[2022-12-21T21:45:31.974+0000] {processor.py:175} INFO - Processing /opt/airflow/dags/sample_dag.py took 0.131 seconds
[2022-12-21T21:46:02.023+0000] {processor.py:153} INFO - Started process (PID=582) to work on /opt/airflow/dags/sample_dag.py
[2022-12-21T21:46:02.025+0000] {processor.py:743} INFO - Processing file /opt/airflow/dags/sample_dag.py for tasks to queue
[2022-12-21T21:46:02.027+0000] {logging_mixin.py:137} INFO - [2022-12-21T21:46:02.027+0000] {dagbag.py:538} INFO - Filling up the DagBag from /opt/airflow/dags/sample_dag.py
[2022-12-21T21:46:02.044+0000] {processor.py:753} INFO - DAG(s) dict_keys(['my_dag_id']) retrieved from /opt/airflow/dags/sample_dag.py
[2022-12-21T21:46:02.084+0000] {logging_mixin.py:137} INFO - [2022-12-21T21:46:02.084+0000] {dag.py:2676} INFO - Sync 1 DAGs
[2022-12-21T21:46:02.114+0000] {logging_mixin.py:137} INFO - [2022-12-21T21:46:02.113+0000] {dag.py:3427} INFO - Setting next_dagrun for my_dag_id to 2022-12-21T20:46:02.113649+00:00, run_after=2022-12-21T21:46:02.113649+00:00
[2022-12-21T21:46:02.134+0000] {processor.py:175} INFO - Processing /opt/airflow/dags/sample_dag.py took 0.116 seconds
[2022-12-21T21:46:32.344+0000] {processor.py:153} INFO - Started process (PID=587) to work on /opt/airflow/dags/sample_dag.py
[2022-12-21T21:46:32.346+0000] {processor.py:743} INFO - Processing file /opt/airflow/dags/sample_dag.py for tasks to queue
[2022-12-21T21:46:32.347+0000] {logging_mixin.py:137} INFO - [2022-12-21T21:46:32.347+0000] {dagbag.py:538} INFO - Filling up the DagBag from /opt/airflow/dags/sample_dag.py
[2022-12-21T21:46:32.366+0000] {processor.py:753} INFO - DAG(s) dict_keys(['my_dag_id']) retrieved from /opt/airflow/dags/sample_dag.py
[2022-12-21T21:46:32.403+0000] {logging_mixin.py:137} INFO - [2022-12-21T21:46:32.403+0000] {dag.py:2676} INFO - Sync 1 DAGs
[2022-12-21T21:46:32.430+0000] {logging_mixin.py:137} INFO - [2022-12-21T21:46:32.430+0000] {dag.py:3427} INFO - Setting next_dagrun for my_dag_id to 2022-12-21T20:46:32.430155+00:00, run_after=2022-12-21T21:46:32.430155+00:00
[2022-12-21T21:46:32.448+0000] {processor.py:175} INFO - Processing /opt/airflow/dags/sample_dag.py took 0.107 seconds
[2022-12-21T21:47:02.595+0000] {processor.py:153} INFO - Started process (PID=592) to work on /opt/airflow/dags/sample_dag.py
[2022-12-21T21:47:02.597+0000] {processor.py:743} INFO - Processing file /opt/airflow/dags/sample_dag.py for tasks to queue
[2022-12-21T21:47:02.599+0000] {logging_mixin.py:137} INFO - [2022-12-21T21:47:02.599+0000] {dagbag.py:538} INFO - Filling up the DagBag from /opt/airflow/dags/sample_dag.py
[2022-12-21T21:47:02.620+0000] {processor.py:753} INFO - DAG(s) dict_keys(['my_dag_id']) retrieved from /opt/airflow/dags/sample_dag.py
[2022-12-21T21:47:02.665+0000] {logging_mixin.py:137} INFO - [2022-12-21T21:47:02.665+0000] {dag.py:2676} INFO - Sync 1 DAGs
[2022-12-21T21:47:02.696+0000] {logging_mixin.py:137} INFO - [2022-12-21T21:47:02.696+0000] {dag.py:3427} INFO - Setting next_dagrun for my_dag_id to 2022-12-21T20:47:02.695894+00:00, run_after=2022-12-21T21:47:02.695894+00:00
[2022-12-21T21:47:02.718+0000] {processor.py:175} INFO - Processing /opt/airflow/dags/sample_dag.py took 0.128 seconds
[2022-12-21T21:47:32.826+0000] {processor.py:153} INFO - Started process (PID=597) to work on /opt/airflow/dags/sample_dag.py
[2022-12-21T21:47:32.839+0000] {processor.py:743} INFO - Processing file /opt/airflow/dags/sample_dag.py for tasks to queue
[2022-12-21T21:47:32.841+0000] {logging_mixin.py:137} INFO - [2022-12-21T21:47:32.841+0000] {dagbag.py:538} INFO - Filling up the DagBag from /opt/airflow/dags/sample_dag.py
[2022-12-21T21:47:32.863+0000] {processor.py:753} INFO - DAG(s) dict_keys(['my_dag_id']) retrieved from /opt/airflow/dags/sample_dag.py
[2022-12-21T21:47:32.904+0000] {logging_mixin.py:137} INFO - [2022-12-21T21:47:32.904+0000] {dag.py:2676} INFO - Sync 1 DAGs
[2022-12-21T21:47:32.932+0000] {logging_mixin.py:137} INFO - [2022-12-21T21:47:32.931+0000] {dag.py:3427} INFO - Setting next_dagrun for my_dag_id to 2022-12-21T20:47:32.931640+00:00, run_after=2022-12-21T21:47:32.931640+00:00
[2022-12-21T21:47:32.949+0000] {processor.py:175} INFO - Processing /opt/airflow/dags/sample_dag.py took 0.130 seconds
[2022-12-21T21:48:03.053+0000] {processor.py:153} INFO - Started process (PID=602) to work on /opt/airflow/dags/sample_dag.py
[2022-12-21T21:48:03.055+0000] {processor.py:743} INFO - Processing file /opt/airflow/dags/sample_dag.py for tasks to queue
[2022-12-21T21:48:03.057+0000] {logging_mixin.py:137} INFO - [2022-12-21T21:48:03.057+0000] {dagbag.py:538} INFO - Filling up the DagBag from /opt/airflow/dags/sample_dag.py
[2022-12-21T21:48:03.082+0000] {processor.py:753} INFO - DAG(s) dict_keys(['my_dag_id']) retrieved from /opt/airflow/dags/sample_dag.py
[2022-12-21T21:48:03.131+0000] {logging_mixin.py:137} INFO - [2022-12-21T21:48:03.131+0000] {dag.py:2676} INFO - Sync 1 DAGs
[2022-12-21T21:48:03.164+0000] {logging_mixin.py:137} INFO - [2022-12-21T21:48:03.164+0000] {dag.py:3427} INFO - Setting next_dagrun for my_dag_id to 2022-12-21T20:48:03.163836+00:00, run_after=2022-12-21T21:48:03.163836+00:00
[2022-12-21T21:48:03.188+0000] {processor.py:175} INFO - Processing /opt/airflow/dags/sample_dag.py took 0.141 seconds
[2022-12-21T21:48:33.295+0000] {processor.py:153} INFO - Started process (PID=607) to work on /opt/airflow/dags/sample_dag.py
[2022-12-21T21:48:33.296+0000] {processor.py:743} INFO - Processing file /opt/airflow/dags/sample_dag.py for tasks to queue
[2022-12-21T21:48:33.298+0000] {logging_mixin.py:137} INFO - [2022-12-21T21:48:33.298+0000] {dagbag.py:538} INFO - Filling up the DagBag from /opt/airflow/dags/sample_dag.py
[2022-12-21T21:48:33.322+0000] {processor.py:753} INFO - DAG(s) dict_keys(['my_dag_id']) retrieved from /opt/airflow/dags/sample_dag.py
[2022-12-21T21:48:33.375+0000] {logging_mixin.py:137} INFO - [2022-12-21T21:48:33.375+0000] {dag.py:2676} INFO - Sync 1 DAGs
[2022-12-21T21:48:33.411+0000] {logging_mixin.py:137} INFO - [2022-12-21T21:48:33.411+0000] {dag.py:3427} INFO - Setting next_dagrun for my_dag_id to 2022-12-21T20:48:33.411433+00:00, run_after=2022-12-21T21:48:33.411433+00:00
[2022-12-21T21:48:33.438+0000] {processor.py:175} INFO - Processing /opt/airflow/dags/sample_dag.py took 0.148 seconds
[2022-12-21T21:48:35.385+0000] {processor.py:153} INFO - Started process (PID=612) to work on /opt/airflow/dags/sample_dag.py
[2022-12-21T21:48:35.386+0000] {processor.py:743} INFO - Processing file /opt/airflow/dags/sample_dag.py for tasks to queue
[2022-12-21T21:48:35.388+0000] {logging_mixin.py:137} INFO - [2022-12-21T21:48:35.388+0000] {dagbag.py:538} INFO - Filling up the DagBag from /opt/airflow/dags/sample_dag.py
[2022-12-21T21:48:35.435+0000] {processor.py:753} INFO - DAG(s) dict_keys(['my_dag_id']) retrieved from /opt/airflow/dags/sample_dag.py
[2022-12-21T21:48:35.522+0000] {logging_mixin.py:137} INFO - [2022-12-21T21:48:35.522+0000] {dag.py:2676} INFO - Sync 1 DAGs
[2022-12-21T21:48:35.550+0000] {logging_mixin.py:137} INFO - [2022-12-21T21:48:35.550+0000] {dag.py:3427} INFO - Setting next_dagrun for my_dag_id to 2022-12-21T20:48:35.549811+00:00, run_after=2022-12-21T21:48:35.549811+00:00
[2022-12-21T21:48:35.578+0000] {processor.py:175} INFO - Processing /opt/airflow/dags/sample_dag.py took 0.198 seconds
[2022-12-21T21:49:05.668+0000] {processor.py:153} INFO - Started process (PID=617) to work on /opt/airflow/dags/sample_dag.py
[2022-12-21T21:49:05.670+0000] {processor.py:743} INFO - Processing file /opt/airflow/dags/sample_dag.py for tasks to queue
[2022-12-21T21:49:05.672+0000] {logging_mixin.py:137} INFO - [2022-12-21T21:49:05.672+0000] {dagbag.py:538} INFO - Filling up the DagBag from /opt/airflow/dags/sample_dag.py
[2022-12-21T21:49:05.702+0000] {processor.py:753} INFO - DAG(s) dict_keys(['my_dag_id']) retrieved from /opt/airflow/dags/sample_dag.py
[2022-12-21T21:49:05.739+0000] {logging_mixin.py:137} INFO - [2022-12-21T21:49:05.739+0000] {dag.py:2676} INFO - Sync 1 DAGs
[2022-12-21T21:49:05.769+0000] {logging_mixin.py:137} INFO - [2022-12-21T21:49:05.768+0000] {dag.py:3427} INFO - Setting next_dagrun for my_dag_id to 2022-12-21T20:49:05.768697+00:00, run_after=2022-12-21T21:49:05.768697+00:00
[2022-12-21T21:49:05.789+0000] {processor.py:175} INFO - Processing /opt/airflow/dags/sample_dag.py took 0.125 seconds
[2022-12-21T21:49:35.926+0000] {processor.py:153} INFO - Started process (PID=622) to work on /opt/airflow/dags/sample_dag.py
[2022-12-21T21:49:35.928+0000] {processor.py:743} INFO - Processing file /opt/airflow/dags/sample_dag.py for tasks to queue
[2022-12-21T21:49:35.929+0000] {logging_mixin.py:137} INFO - [2022-12-21T21:49:35.929+0000] {dagbag.py:538} INFO - Filling up the DagBag from /opt/airflow/dags/sample_dag.py
[2022-12-21T21:49:35.957+0000] {processor.py:753} INFO - DAG(s) dict_keys(['my_dag_id']) retrieved from /opt/airflow/dags/sample_dag.py
[2022-12-21T21:49:35.989+0000] {logging_mixin.py:137} INFO - [2022-12-21T21:49:35.989+0000] {dag.py:2676} INFO - Sync 1 DAGs
[2022-12-21T21:49:36.015+0000] {logging_mixin.py:137} INFO - [2022-12-21T21:49:36.014+0000] {dag.py:3427} INFO - Setting next_dagrun for my_dag_id to 2022-12-21T21:49:05.768697+00:00, run_after=2022-12-21T22:49:05.768697+00:00
[2022-12-21T21:49:36.034+0000] {processor.py:175} INFO - Processing /opt/airflow/dags/sample_dag.py took 0.112 seconds
[2022-12-21T21:50:06.114+0000] {processor.py:153} INFO - Started process (PID=627) to work on /opt/airflow/dags/sample_dag.py
[2022-12-21T21:50:06.116+0000] {processor.py:743} INFO - Processing file /opt/airflow/dags/sample_dag.py for tasks to queue
[2022-12-21T21:50:06.117+0000] {logging_mixin.py:137} INFO - [2022-12-21T21:50:06.117+0000] {dagbag.py:538} INFO - Filling up the DagBag from /opt/airflow/dags/sample_dag.py
[2022-12-21T21:50:06.145+0000] {processor.py:753} INFO - DAG(s) dict_keys(['my_dag_id']) retrieved from /opt/airflow/dags/sample_dag.py
[2022-12-21T21:50:06.176+0000] {logging_mixin.py:137} INFO - [2022-12-21T21:50:06.176+0000] {dag.py:2676} INFO - Sync 1 DAGs
[2022-12-21T21:50:06.201+0000] {logging_mixin.py:137} INFO - [2022-12-21T21:50:06.201+0000] {dag.py:3427} INFO - Setting next_dagrun for my_dag_id to 2022-12-21T21:49:05.768697+00:00, run_after=2022-12-21T22:49:05.768697+00:00
[2022-12-21T21:50:06.221+0000] {processor.py:175} INFO - Processing /opt/airflow/dags/sample_dag.py took 0.111 seconds
[2022-12-21T21:50:36.415+0000] {processor.py:153} INFO - Started process (PID=632) to work on /opt/airflow/dags/sample_dag.py
[2022-12-21T21:50:36.417+0000] {processor.py:743} INFO - Processing file /opt/airflow/dags/sample_dag.py for tasks to queue
[2022-12-21T21:50:36.418+0000] {logging_mixin.py:137} INFO - [2022-12-21T21:50:36.418+0000] {dagbag.py:538} INFO - Filling up the DagBag from /opt/airflow/dags/sample_dag.py
[2022-12-21T21:50:36.444+0000] {processor.py:753} INFO - DAG(s) dict_keys(['my_dag_id']) retrieved from /opt/airflow/dags/sample_dag.py
[2022-12-21T21:50:36.474+0000] {logging_mixin.py:137} INFO - [2022-12-21T21:50:36.473+0000] {dag.py:2676} INFO - Sync 1 DAGs
[2022-12-21T21:50:36.499+0000] {logging_mixin.py:137} INFO - [2022-12-21T21:50:36.498+0000] {dag.py:3427} INFO - Setting next_dagrun for my_dag_id to 2022-12-21T21:49:05.768697+00:00, run_after=2022-12-21T22:49:05.768697+00:00
[2022-12-21T21:50:36.515+0000] {processor.py:175} INFO - Processing /opt/airflow/dags/sample_dag.py took 0.103 seconds
[2022-12-21T21:51:06.600+0000] {processor.py:153} INFO - Started process (PID=637) to work on /opt/airflow/dags/sample_dag.py
[2022-12-21T21:51:06.601+0000] {processor.py:743} INFO - Processing file /opt/airflow/dags/sample_dag.py for tasks to queue
[2022-12-21T21:51:06.603+0000] {logging_mixin.py:137} INFO - [2022-12-21T21:51:06.603+0000] {dagbag.py:538} INFO - Filling up the DagBag from /opt/airflow/dags/sample_dag.py
[2022-12-21T21:51:06.628+0000] {processor.py:753} INFO - DAG(s) dict_keys(['my_dag_id']) retrieved from /opt/airflow/dags/sample_dag.py
[2022-12-21T21:51:06.659+0000] {logging_mixin.py:137} INFO - [2022-12-21T21:51:06.659+0000] {dag.py:2676} INFO - Sync 1 DAGs
[2022-12-21T21:51:06.684+0000] {logging_mixin.py:137} INFO - [2022-12-21T21:51:06.684+0000] {dag.py:3427} INFO - Setting next_dagrun for my_dag_id to 2022-12-21T21:49:05.768697+00:00, run_after=2022-12-21T22:49:05.768697+00:00
[2022-12-21T21:51:06.702+0000] {processor.py:175} INFO - Processing /opt/airflow/dags/sample_dag.py took 0.107 seconds
[2022-12-21T21:51:22.821+0000] {processor.py:153} INFO - Started process (PID=642) to work on /opt/airflow/dags/sample_dag.py
[2022-12-21T21:51:22.822+0000] {processor.py:743} INFO - Processing file /opt/airflow/dags/sample_dag.py for tasks to queue
[2022-12-21T21:51:22.824+0000] {logging_mixin.py:137} INFO - [2022-12-21T21:51:22.824+0000] {dagbag.py:538} INFO - Filling up the DagBag from /opt/airflow/dags/sample_dag.py
[2022-12-21T21:51:22.863+0000] {processor.py:753} INFO - DAG(s) dict_keys(['my_dag_id']) retrieved from /opt/airflow/dags/sample_dag.py
[2022-12-21T21:51:22.965+0000] {logging_mixin.py:137} INFO - [2022-12-21T21:51:22.965+0000] {dag.py:2676} INFO - Sync 1 DAGs
[2022-12-21T21:51:22.997+0000] {logging_mixin.py:137} INFO - [2022-12-21T21:51:22.997+0000] {dag.py:3427} INFO - Setting next_dagrun for my_dag_id to 2022-12-21T21:49:05.768697+00:00, run_after=2022-12-21T22:49:05.768697+00:00
[2022-12-21T21:51:23.025+0000] {processor.py:175} INFO - Processing /opt/airflow/dags/sample_dag.py took 0.209 seconds
[2022-12-21T21:51:53.197+0000] {processor.py:153} INFO - Started process (PID=647) to work on /opt/airflow/dags/sample_dag.py
[2022-12-21T21:51:53.199+0000] {processor.py:743} INFO - Processing file /opt/airflow/dags/sample_dag.py for tasks to queue
[2022-12-21T21:51:53.200+0000] {logging_mixin.py:137} INFO - [2022-12-21T21:51:53.200+0000] {dagbag.py:538} INFO - Filling up the DagBag from /opt/airflow/dags/sample_dag.py
[2022-12-21T21:51:53.232+0000] {processor.py:753} INFO - DAG(s) dict_keys(['my_dag_id']) retrieved from /opt/airflow/dags/sample_dag.py
[2022-12-21T21:51:53.276+0000] {logging_mixin.py:137} INFO - [2022-12-21T21:51:53.276+0000] {dag.py:2676} INFO - Sync 1 DAGs
[2022-12-21T21:51:53.305+0000] {logging_mixin.py:137} INFO - [2022-12-21T21:51:53.305+0000] {dag.py:3427} INFO - Setting next_dagrun for my_dag_id to 2022-12-21T21:49:05.768697+00:00, run_after=2022-12-21T22:49:05.768697+00:00
[2022-12-21T21:51:53.324+0000] {processor.py:175} INFO - Processing /opt/airflow/dags/sample_dag.py took 0.132 seconds
[2022-12-21T21:52:23.372+0000] {processor.py:153} INFO - Started process (PID=652) to work on /opt/airflow/dags/sample_dag.py
[2022-12-21T21:52:23.374+0000] {processor.py:743} INFO - Processing file /opt/airflow/dags/sample_dag.py for tasks to queue
[2022-12-21T21:52:23.376+0000] {logging_mixin.py:137} INFO - [2022-12-21T21:52:23.376+0000] {dagbag.py:538} INFO - Filling up the DagBag from /opt/airflow/dags/sample_dag.py
[2022-12-21T21:52:23.415+0000] {processor.py:753} INFO - DAG(s) dict_keys(['my_dag_id']) retrieved from /opt/airflow/dags/sample_dag.py
[2022-12-21T21:52:23.469+0000] {logging_mixin.py:137} INFO - [2022-12-21T21:52:23.469+0000] {dag.py:2676} INFO - Sync 1 DAGs
[2022-12-21T21:52:23.506+0000] {logging_mixin.py:137} INFO - [2022-12-21T21:52:23.506+0000] {dag.py:3427} INFO - Setting next_dagrun for my_dag_id to 2022-12-21T21:49:05.768697+00:00, run_after=2022-12-21T22:49:05.768697+00:00
[2022-12-21T21:52:23.531+0000] {processor.py:175} INFO - Processing /opt/airflow/dags/sample_dag.py took 0.163 seconds
[2022-12-21T21:52:30.570+0000] {processor.py:153} INFO - Started process (PID=657) to work on /opt/airflow/dags/sample_dag.py
[2022-12-21T21:52:30.571+0000] {processor.py:743} INFO - Processing file /opt/airflow/dags/sample_dag.py for tasks to queue
[2022-12-21T21:52:30.574+0000] {logging_mixin.py:137} INFO - [2022-12-21T21:52:30.573+0000] {dagbag.py:538} INFO - Filling up the DagBag from /opt/airflow/dags/sample_dag.py
[2022-12-21T21:52:30.624+0000] {processor.py:753} INFO - DAG(s) dict_keys(['my_dag_id']) retrieved from /opt/airflow/dags/sample_dag.py
[2022-12-21T21:52:30.687+0000] {logging_mixin.py:137} INFO - [2022-12-21T21:52:30.686+0000] {dag.py:2676} INFO - Sync 1 DAGs
[2022-12-21T21:52:30.735+0000] {logging_mixin.py:137} INFO - [2022-12-21T21:52:30.735+0000] {dag.py:3427} INFO - Setting next_dagrun for my_dag_id to 2022-12-21T21:49:05.768697+00:00, run_after=2022-12-21T22:49:05.768697+00:00
[2022-12-21T21:52:30.784+0000] {processor.py:175} INFO - Processing /opt/airflow/dags/sample_dag.py took 0.220 seconds
[2022-12-21T21:53:01.006+0000] {processor.py:153} INFO - Started process (PID=662) to work on /opt/airflow/dags/sample_dag.py
[2022-12-21T21:53:01.010+0000] {processor.py:743} INFO - Processing file /opt/airflow/dags/sample_dag.py for tasks to queue
[2022-12-21T21:53:01.011+0000] {logging_mixin.py:137} INFO - [2022-12-21T21:53:01.011+0000] {dagbag.py:538} INFO - Filling up the DagBag from /opt/airflow/dags/sample_dag.py
[2022-12-21T21:53:01.055+0000] {processor.py:753} INFO - DAG(s) dict_keys(['my_dag_id']) retrieved from /opt/airflow/dags/sample_dag.py
[2022-12-21T21:53:01.117+0000] {logging_mixin.py:137} INFO - [2022-12-21T21:53:01.117+0000] {dag.py:2676} INFO - Sync 1 DAGs
[2022-12-21T21:53:01.165+0000] {logging_mixin.py:137} INFO - [2022-12-21T21:53:01.164+0000] {dag.py:3427} INFO - Setting next_dagrun for my_dag_id to 2022-12-21T21:49:05.768697+00:00, run_after=2022-12-21T22:49:05.768697+00:00
[2022-12-21T21:53:01.201+0000] {processor.py:175} INFO - Processing /opt/airflow/dags/sample_dag.py took 0.199 seconds
